CRITICAL - 2024-06-15 06:17:58 --> Error: Call to a member function findAll() on null
in APPPATH/Controllers/UserController.php on line 22.
 1 SYSTEMPATH/CodeIgniter.php(943): App\Controllers\UserController->index()
 2 SYSTEMPATH/CodeIgniter.php(503): CodeIgniter\CodeIgniter->runController(Object(App\Controllers\UserController))
 3 SYSTEMPATH/CodeIgniter.php(361): CodeIgniter\CodeIgniter->handleRequest(null, Object(Config\Cache), false)
 4 FCPATH/index.php(79): CodeIgniter\CodeIgniter->run()
 5 SYSTEMPATH/Commands/Server/rewrite.php(47): require_once('/Users/mac/Documents/Fathur/KERJA/MEB/Backend/rest-api/public/index.php')
CRITICAL - 2024-06-15 06:28:03 --> Error: Call to a member function findAll() on null
in APPPATH/Controllers/UserController.php on line 22.
 1 SYSTEMPATH/CodeIgniter.php(943): App\Controllers\UserController->index()
 2 SYSTEMPATH/CodeIgniter.php(503): CodeIgniter\CodeIgniter->runController(Object(App\Controllers\UserController))
 3 SYSTEMPATH/CodeIgniter.php(361): CodeIgniter\CodeIgniter->handleRequest(null, Object(Config\Cache), false)
 4 FCPATH/index.php(79): CodeIgniter\CodeIgniter->run()
 5 SYSTEMPATH/Commands/Server/rewrite.php(47): require_once('/Users/mac/Documents/Fathur/KERJA/MEB/Backend/rest-api/public/index.php')
CRITICAL - 2024-06-15 06:28:04 --> Error: Call to a member function findAll() on null
in APPPATH/Controllers/UserController.php on line 22.
 1 SYSTEMPATH/CodeIgniter.php(943): App\Controllers\UserController->index()
 2 SYSTEMPATH/CodeIgniter.php(503): CodeIgniter\CodeIgniter->runController(Object(App\Controllers\UserController))
 3 SYSTEMPATH/CodeIgniter.php(361): CodeIgniter\CodeIgniter->handleRequest(null, Object(Config\Cache), false)
 4 FCPATH/index.php(79): CodeIgniter\CodeIgniter->run()
 5 SYSTEMPATH/Commands/Server/rewrite.php(47): require_once('/Users/mac/Documents/Fathur/KERJA/MEB/Backend/rest-api/public/index.php')
CRITICAL - 2024-06-15 06:28:05 --> Error: Call to a member function findAll() on null
in APPPATH/Controllers/UserController.php on line 22.
 1 SYSTEMPATH/CodeIgniter.php(943): App\Controllers\UserController->index()
 2 SYSTEMPATH/CodeIgniter.php(503): CodeIgniter\CodeIgniter->runController(Object(App\Controllers\UserController))
 3 SYSTEMPATH/CodeIgniter.php(361): CodeIgniter\CodeIgniter->handleRequest(null, Object(Config\Cache), false)
 4 FCPATH/index.php(79): CodeIgniter\CodeIgniter->run()
 5 SYSTEMPATH/Commands/Server/rewrite.php(47): require_once('/Users/mac/Documents/Fathur/KERJA/MEB/Backend/rest-api/public/index.php')
CRITICAL - 2024-06-15 06:28:29 --> Error: Call to undefined method App\Controllers\UserController::response()
in APPPATH/Controllers/UserController.php on line 24.
 1 SYSTEMPATH/CodeIgniter.php(943): App\Controllers\UserController->index()
 2 SYSTEMPATH/CodeIgniter.php(503): CodeIgniter\CodeIgniter->runController(Object(App\Controllers\UserController))
 3 SYSTEMPATH/CodeIgniter.php(361): CodeIgniter\CodeIgniter->handleRequest(null, Object(Config\Cache), false)
 4 FCPATH/index.php(79): CodeIgniter\CodeIgniter->run()
 5 SYSTEMPATH/Commands/Server/rewrite.php(47): require_once('/Users/mac/Documents/Fathur/KERJA/MEB/Backend/rest-api/public/index.php')
CRITICAL - 2024-06-15 06:30:15 --> Error: Call to a member function findAll() on null
in APPPATH/Controllers/UserController.php on line 22.
 1 SYSTEMPATH/CodeIgniter.php(943): App\Controllers\UserController->index()
 2 SYSTEMPATH/CodeIgniter.php(503): CodeIgniter\CodeIgniter->runController(Object(App\Controllers\UserController))
 3 SYSTEMPATH/CodeIgniter.php(361): CodeIgniter\CodeIgniter->handleRequest(null, Object(Config\Cache), false)
 4 FCPATH/index.php(79): CodeIgniter\CodeIgniter->run()
 5 SYSTEMPATH/Commands/Server/rewrite.php(47): require_once('/Users/mac/Documents/Fathur/KERJA/MEB/Backend/rest-api/public/index.php')
CRITICAL - 2024-06-15 06:30:16 --> Error: Call to a member function findAll() on null
in APPPATH/Controllers/UserController.php on line 22.
 1 SYSTEMPATH/CodeIgniter.php(943): App\Controllers\UserController->index()
 2 SYSTEMPATH/CodeIgniter.php(503): CodeIgniter\CodeIgniter->runController(Object(App\Controllers\UserController))
 3 SYSTEMPATH/CodeIgniter.php(361): CodeIgniter\CodeIgniter->handleRequest(null, Object(Config\Cache), false)
 4 FCPATH/index.php(79): CodeIgniter\CodeIgniter->run()
 5 SYSTEMPATH/Commands/Server/rewrite.php(47): require_once('/Users/mac/Documents/Fathur/KERJA/MEB/Backend/rest-api/public/index.php')
CRITICAL - 2024-06-15 06:30:17 --> Error: Call to a member function findAll() on null
in APPPATH/Controllers/UserController.php on line 22.
 1 SYSTEMPATH/CodeIgniter.php(943): App\Controllers\UserController->index()
 2 SYSTEMPATH/CodeIgniter.php(503): CodeIgniter\CodeIgniter->runController(Object(App\Controllers\UserController))
 3 SYSTEMPATH/CodeIgniter.php(361): CodeIgniter\CodeIgniter->handleRequest(null, Object(Config\Cache), false)
 4 FCPATH/index.php(79): CodeIgniter\CodeIgniter->run()
 5 SYSTEMPATH/Commands/Server/rewrite.php(47): require_once('/Users/mac/Documents/Fathur/KERJA/MEB/Backend/rest-api/public/index.php')
CRITICAL - 2024-06-15 06:32:07 --> Error: Call to undefined method App\Controllers\UserController::response()
in APPPATH/Controllers/UserController.php on line 26.
 1 SYSTEMPATH/CodeIgniter.php(943): App\Controllers\UserController->index()
 2 SYSTEMPATH/CodeIgniter.php(503): CodeIgniter\CodeIgniter->runController(Object(App\Controllers\UserController))
 3 SYSTEMPATH/CodeIgniter.php(361): CodeIgniter\CodeIgniter->handleRequest(null, Object(Config\Cache), false)
 4 FCPATH/index.php(79): CodeIgniter\CodeIgniter->run()
 5 SYSTEMPATH/Commands/Server/rewrite.php(47): require_once('/Users/mac/Documents/Fathur/KERJA/MEB/Backend/rest-api/public/index.php')
CRITICAL - 2024-06-15 06:35:48 --> ErrorException: Undefined variable: modelName
in APPPATH/Controllers/UserController.php on line 23.
 1 APPPATH/Controllers/UserController.php(23): CodeIgniter\Debug\Exceptions->errorHandler(8, 'Undefined variable: modelName', '/Users/mac/Documents/Fathur/KERJA/MEB/Backend/rest-api/app/Controllers/UserController.php', 23, [])
 2 SYSTEMPATH/CodeIgniter.php(943): App\Controllers\UserController->index()
 3 SYSTEMPATH/CodeIgniter.php(503): CodeIgniter\CodeIgniter->runController(Object(App\Controllers\UserController))
 4 SYSTEMPATH/CodeIgniter.php(361): CodeIgniter\CodeIgniter->handleRequest(null, Object(Config\Cache), false)
 5 FCPATH/index.php(79): CodeIgniter\CodeIgniter->run()
 6 SYSTEMPATH/Commands/Server/rewrite.php(47): require_once('/Users/mac/Documents/Fathur/KERJA/MEB/Backend/rest-api/public/index.php')
CRITICAL - 2024-06-15 06:36:02 --> Error: Call to a member function find() on null
in APPPATH/Controllers/UserController.php on line 23.
 1 SYSTEMPATH/CodeIgniter.php(943): App\Controllers\UserController->index()
 2 SYSTEMPATH/CodeIgniter.php(503): CodeIgniter\CodeIgniter->runController(Object(App\Controllers\UserController))
 3 SYSTEMPATH/CodeIgniter.php(361): CodeIgniter\CodeIgniter->handleRequest(null, Object(Config\Cache), false)
 4 FCPATH/index.php(79): CodeIgniter\CodeIgniter->run()
 5 SYSTEMPATH/Commands/Server/rewrite.php(47): require_once('/Users/mac/Documents/Fathur/KERJA/MEB/Backend/rest-api/public/index.php')
CRITICAL - 2024-06-15 06:36:16 --> Error: Call to a member function find() on null
in APPPATH/Controllers/UserController.php on line 23.
 1 SYSTEMPATH/CodeIgniter.php(943): App\Controllers\UserController->index()
 2 SYSTEMPATH/CodeIgniter.php(503): CodeIgniter\CodeIgniter->runController(Object(App\Controllers\UserController))
 3 SYSTEMPATH/CodeIgniter.php(361): CodeIgniter\CodeIgniter->handleRequest(null, Object(Config\Cache), false)
 4 FCPATH/index.php(79): CodeIgniter\CodeIgniter->run()
 5 SYSTEMPATH/Commands/Server/rewrite.php(47): require_once('/Users/mac/Documents/Fathur/KERJA/MEB/Backend/rest-api/public/index.php')
CRITICAL - 2024-06-15 06:36:17 --> Error: Call to a member function find() on null
in APPPATH/Controllers/UserController.php on line 23.
 1 SYSTEMPATH/CodeIgniter.php(943): App\Controllers\UserController->index()
 2 SYSTEMPATH/CodeIgniter.php(503): CodeIgniter\CodeIgniter->runController(Object(App\Controllers\UserController))
 3 SYSTEMPATH/CodeIgniter.php(361): CodeIgniter\CodeIgniter->handleRequest(null, Object(Config\Cache), false)
 4 FCPATH/index.php(79): CodeIgniter\CodeIgniter->run()
 5 SYSTEMPATH/Commands/Server/rewrite.php(47): require_once('/Users/mac/Documents/Fathur/KERJA/MEB/Backend/rest-api/public/index.php')
CRITICAL - 2024-06-15 06:36:17 --> Error: Call to a member function find() on null
in APPPATH/Controllers/UserController.php on line 23.
 1 SYSTEMPATH/CodeIgniter.php(943): App\Controllers\UserController->index()
 2 SYSTEMPATH/CodeIgniter.php(503): CodeIgniter\CodeIgniter->runController(Object(App\Controllers\UserController))
 3 SYSTEMPATH/CodeIgniter.php(361): CodeIgniter\CodeIgniter->handleRequest(null, Object(Config\Cache), false)
 4 FCPATH/index.php(79): CodeIgniter\CodeIgniter->run()
 5 SYSTEMPATH/Commands/Server/rewrite.php(47): require_once('/Users/mac/Documents/Fathur/KERJA/MEB/Backend/rest-api/public/index.php')
CRITICAL - 2024-06-15 06:36:29 --> ErrorException: Undefined variable: modelName
in APPPATH/Controllers/UserController.php on line 23.
 1 APPPATH/Controllers/UserController.php(23): CodeIgniter\Debug\Exceptions->errorHandler(8, 'Undefined variable: modelName', '/Users/mac/Documents/Fathur/KERJA/MEB/Backend/rest-api/app/Controllers/UserController.php', 23, [])
 2 SYSTEMPATH/CodeIgniter.php(943): App\Controllers\UserController->index()
 3 SYSTEMPATH/CodeIgniter.php(503): CodeIgniter\CodeIgniter->runController(Object(App\Controllers\UserController))
 4 SYSTEMPATH/CodeIgniter.php(361): CodeIgniter\CodeIgniter->handleRequest(null, Object(Config\Cache), false)
 5 FCPATH/index.php(79): CodeIgniter\CodeIgniter->run()
 6 SYSTEMPATH/Commands/Server/rewrite.php(47): require_once('/Users/mac/Documents/Fathur/KERJA/MEB/Backend/rest-api/public/index.php')
CRITICAL - 2024-06-15 06:36:34 --> Error: Call to a member function find() on null
in APPPATH/Controllers/UserController.php on line 23.
 1 SYSTEMPATH/CodeIgniter.php(943): App\Controllers\UserController->index()
 2 SYSTEMPATH/CodeIgniter.php(503): CodeIgniter\CodeIgniter->runController(Object(App\Controllers\UserController))
 3 SYSTEMPATH/CodeIgniter.php(361): CodeIgniter\CodeIgniter->handleRequest(null, Object(Config\Cache), false)
 4 FCPATH/index.php(79): CodeIgniter\CodeIgniter->run()
 5 SYSTEMPATH/Commands/Server/rewrite.php(47): require_once('/Users/mac/Documents/Fathur/KERJA/MEB/Backend/rest-api/public/index.php')
CRITICAL - 2024-06-15 06:38:22 --> ErrorException: Undefined variable: UserModel
in APPPATH/Controllers/UserController.php on line 23.
 1 APPPATH/Controllers/UserController.php(23): CodeIgniter\Debug\Exceptions->errorHandler(8, 'Undefined variable: UserModel', '/Users/mac/Documents/Fathur/KERJA/MEB/Backend/rest-api/app/Controllers/UserController.php', 23, [])
 2 SYSTEMPATH/CodeIgniter.php(943): App\Controllers\UserController->index()
 3 SYSTEMPATH/CodeIgniter.php(503): CodeIgniter\CodeIgniter->runController(Object(App\Controllers\UserController))
 4 SYSTEMPATH/CodeIgniter.php(361): CodeIgniter\CodeIgniter->handleRequest(null, Object(Config\Cache), false)
 5 FCPATH/index.php(79): CodeIgniter\CodeIgniter->run()
 6 SYSTEMPATH/Commands/Server/rewrite.php(47): require_once('/Users/mac/Documents/Fathur/KERJA/MEB/Backend/rest-api/public/index.php')
CRITICAL - 2024-06-15 06:38:30 --> ErrorException: Undefined variable: modelName
in APPPATH/Controllers/UserController.php on line 23.
 1 APPPATH/Controllers/UserController.php(23): CodeIgniter\Debug\Exceptions->errorHandler(8, 'Undefined variable: modelName', '/Users/mac/Documents/Fathur/KERJA/MEB/Backend/rest-api/app/Controllers/UserController.php', 23, [])
 2 SYSTEMPATH/CodeIgniter.php(943): App\Controllers\UserController->index()
 3 SYSTEMPATH/CodeIgniter.php(503): CodeIgniter\CodeIgniter->runController(Object(App\Controllers\UserController))
 4 SYSTEMPATH/CodeIgniter.php(361): CodeIgniter\CodeIgniter->handleRequest(null, Object(Config\Cache), false)
 5 FCPATH/index.php(79): CodeIgniter\CodeIgniter->run()
 6 SYSTEMPATH/Commands/Server/rewrite.php(47): require_once('/Users/mac/Documents/Fathur/KERJA/MEB/Backend/rest-api/public/index.php')
CRITICAL - 2024-06-15 06:38:39 --> ErrorException: Undefined variable: User
in APPPATH/Controllers/UserController.php on line 23.
 1 APPPATH/Controllers/UserController.php(23): CodeIgniter\Debug\Exceptions->errorHandler(8, 'Undefined variable: User', '/Users/mac/Documents/Fathur/KERJA/MEB/Backend/rest-api/app/Controllers/UserController.php', 23, [])
 2 SYSTEMPATH/CodeIgniter.php(943): App\Controllers\UserController->index()
 3 SYSTEMPATH/CodeIgniter.php(503): CodeIgniter\CodeIgniter->runController(Object(App\Controllers\UserController))
 4 SYSTEMPATH/CodeIgniter.php(361): CodeIgniter\CodeIgniter->handleRequest(null, Object(Config\Cache), false)
 5 FCPATH/index.php(79): CodeIgniter\CodeIgniter->run()
 6 SYSTEMPATH/Commands/Server/rewrite.php(47): require_once('/Users/mac/Documents/Fathur/KERJA/MEB/Backend/rest-api/public/index.php')
CRITICAL - 2024-06-15 06:39:15 --> Error: Call to a member function findAll() on null
in APPPATH/Controllers/UserController.php on line 23.
 1 SYSTEMPATH/CodeIgniter.php(943): App\Controllers\UserController->index()
 2 SYSTEMPATH/CodeIgniter.php(503): CodeIgniter\CodeIgniter->runController(Object(App\Controllers\UserController))
 3 SYSTEMPATH/CodeIgniter.php(361): CodeIgniter\CodeIgniter->handleRequest(null, Object(Config\Cache), false)
 4 FCPATH/index.php(79): CodeIgniter\CodeIgniter->run()
 5 SYSTEMPATH/Commands/Server/rewrite.php(47): require_once('/Users/mac/Documents/Fathur/KERJA/MEB/Backend/rest-api/public/index.php')
CRITICAL - 2024-06-15 06:40:15 --> Error: Call to a member function findAll() on null
in APPPATH/Controllers/UserController.php on line 23.
 1 SYSTEMPATH/CodeIgniter.php(943): App\Controllers\UserController->index()
 2 SYSTEMPATH/CodeIgniter.php(503): CodeIgniter\CodeIgniter->runController(Object(App\Controllers\UserController))
 3 SYSTEMPATH/CodeIgniter.php(361): CodeIgniter\CodeIgniter->handleRequest(null, Object(Config\Cache), false)
 4 FCPATH/index.php(79): CodeIgniter\CodeIgniter->run()
 5 SYSTEMPATH/Commands/Server/rewrite.php(47): require_once('/Users/mac/Documents/Fathur/KERJA/MEB/Backend/rest-api/public/index.php')
CRITICAL - 2024-06-15 06:42:10 --> ErrorException: Undefined variable: modelName
in APPPATH/Controllers/UserController.php on line 23.
 1 APPPATH/Controllers/UserController.php(23): CodeIgniter\Debug\Exceptions->errorHandler(8, 'Undefined variable: modelName', '/Users/mac/Documents/Fathur/KERJA/MEB/Backend/rest-api/app/Controllers/UserController.php', 23, [])
 2 SYSTEMPATH/CodeIgniter.php(943): App\Controllers\UserController->index()
 3 SYSTEMPATH/CodeIgniter.php(503): CodeIgniter\CodeIgniter->runController(Object(App\Controllers\UserController))
 4 SYSTEMPATH/CodeIgniter.php(361): CodeIgniter\CodeIgniter->handleRequest(null, Object(Config\Cache), false)
 5 FCPATH/index.php(79): CodeIgniter\CodeIgniter->run()
 6 SYSTEMPATH/Commands/Server/rewrite.php(47): require_once('/Users/mac/Documents/Fathur/KERJA/MEB/Backend/rest-api/public/index.php')
CRITICAL - 2024-06-15 06:45:07 --> ErrorException: Undefined property: App\Controllers\UserController::$load
in APPPATH/Controllers/UserController.php on line 23.
 1 APPPATH/Controllers/UserController.php(23): CodeIgniter\Debug\Exceptions->errorHandler(8, 'Undefined property: App\\Controllers\\UserController::$load', '/Users/mac/Documents/Fathur/KERJA/MEB/Backend/rest-api/app/Controllers/UserController.php', 23, [])
 2 SYSTEMPATH/CodeIgniter.php(943): App\Controllers\UserController->index()
 3 SYSTEMPATH/CodeIgniter.php(503): CodeIgniter\CodeIgniter->runController(Object(App\Controllers\UserController))
 4 SYSTEMPATH/CodeIgniter.php(361): CodeIgniter\CodeIgniter->handleRequest(null, Object(Config\Cache), false)
 5 FCPATH/index.php(79): CodeIgniter\CodeIgniter->run()
 6 SYSTEMPATH/Commands/Server/rewrite.php(47): require_once('/Users/mac/Documents/Fathur/KERJA/MEB/Backend/rest-api/public/index.php')
CRITICAL - 2024-06-15 06:45:22 --> Error: Call to a member function findAll() on null
in APPPATH/Controllers/UserController.php on line 23.
 1 SYSTEMPATH/CodeIgniter.php(943): App\Controllers\UserController->index()
 2 SYSTEMPATH/CodeIgniter.php(503): CodeIgniter\CodeIgniter->runController(Object(App\Controllers\UserController))
 3 SYSTEMPATH/CodeIgniter.php(361): CodeIgniter\CodeIgniter->handleRequest(null, Object(Config\Cache), false)
 4 FCPATH/index.php(79): CodeIgniter\CodeIgniter->run()
 5 SYSTEMPATH/Commands/Server/rewrite.php(47): require_once('/Users/mac/Documents/Fathur/KERJA/MEB/Backend/rest-api/public/index.php')
CRITICAL - 2024-06-15 06:45:37 --> Error: Call to a member function findAll() on null
in APPPATH/Controllers/UserController.php on line 23.
 1 SYSTEMPATH/CodeIgniter.php(943): App\Controllers\UserController->index()
 2 SYSTEMPATH/CodeIgniter.php(503): CodeIgniter\CodeIgniter->runController(Object(App\Controllers\UserController))
 3 SYSTEMPATH/CodeIgniter.php(361): CodeIgniter\CodeIgniter->handleRequest(null, Object(Config\Cache), false)
 4 FCPATH/index.php(79): CodeIgniter\CodeIgniter->run()
 5 SYSTEMPATH/Commands/Server/rewrite.php(47): require_once('/Users/mac/Documents/Fathur/KERJA/MEB/Backend/rest-api/public/index.php')
CRITICAL - 2024-06-15 06:45:38 --> Error: Call to a member function findAll() on null
in APPPATH/Controllers/UserController.php on line 23.
 1 SYSTEMPATH/CodeIgniter.php(943): App\Controllers\UserController->index()
 2 SYSTEMPATH/CodeIgniter.php(503): CodeIgniter\CodeIgniter->runController(Object(App\Controllers\UserController))
 3 SYSTEMPATH/CodeIgniter.php(361): CodeIgniter\CodeIgniter->handleRequest(null, Object(Config\Cache), false)
 4 FCPATH/index.php(79): CodeIgniter\CodeIgniter->run()
 5 SYSTEMPATH/Commands/Server/rewrite.php(47): require_once('/Users/mac/Documents/Fathur/KERJA/MEB/Backend/rest-api/public/index.php')
CRITICAL - 2024-06-15 06:50:38 --> Error: Call to a member function findAll() on null
in APPPATH/Controllers/UserController.php on line 22.
 1 SYSTEMPATH/CodeIgniter.php(943): App\Controllers\UserController->index()
 2 SYSTEMPATH/CodeIgniter.php(503): CodeIgniter\CodeIgniter->runController(Object(App\Controllers\UserController))
 3 SYSTEMPATH/CodeIgniter.php(361): CodeIgniter\CodeIgniter->handleRequest(null, Object(Config\Cache), false)
 4 FCPATH/index.php(79): CodeIgniter\CodeIgniter->run()
 5 SYSTEMPATH/Commands/Server/rewrite.php(47): require_once('/Users/mac/Documents/Fathur/KERJA/MEB/Backend/rest-api/public/index.php')
CRITICAL - 2024-06-15 06:54:08 --> Error: Call to a member function findAll() on null
in APPPATH/Controllers/UserController.php on line 22.
 1 SYSTEMPATH/CodeIgniter.php(943): App\Controllers\UserController->index()
 2 SYSTEMPATH/CodeIgniter.php(503): CodeIgniter\CodeIgniter->runController(Object(App\Controllers\UserController))
 3 SYSTEMPATH/CodeIgniter.php(361): CodeIgniter\CodeIgniter->handleRequest(null, Object(Config\Cache), false)
 4 FCPATH/index.php(79): CodeIgniter\CodeIgniter->run()
 5 SYSTEMPATH/Commands/Server/rewrite.php(47): require_once('/Users/mac/Documents/Fathur/KERJA/MEB/Backend/rest-api/public/index.php')
CRITICAL - 2024-06-15 06:54:10 --> Error: Call to a member function findAll() on null
in APPPATH/Controllers/UserController.php on line 22.
 1 SYSTEMPATH/CodeIgniter.php(943): App\Controllers\UserController->index()
 2 SYSTEMPATH/CodeIgniter.php(503): CodeIgniter\CodeIgniter->runController(Object(App\Controllers\UserController))
 3 SYSTEMPATH/CodeIgniter.php(361): CodeIgniter\CodeIgniter->handleRequest(null, Object(Config\Cache), false)
 4 FCPATH/index.php(79): CodeIgniter\CodeIgniter->run()
 5 SYSTEMPATH/Commands/Server/rewrite.php(47): require_once('/Users/mac/Documents/Fathur/KERJA/MEB/Backend/rest-api/public/index.php')
CRITICAL - 2024-06-15 06:54:37 --> Error: Call to a member function findAll() on null
in APPPATH/Controllers/UserController.php on line 22.
 1 SYSTEMPATH/CodeIgniter.php(943): App\Controllers\UserController->index()
 2 SYSTEMPATH/CodeIgniter.php(503): CodeIgniter\CodeIgniter->runController(Object(App\Controllers\UserController))
 3 SYSTEMPATH/CodeIgniter.php(361): CodeIgniter\CodeIgniter->handleRequest(null, Object(Config\Cache), false)
 4 FCPATH/index.php(79): CodeIgniter\CodeIgniter->run()
 5 SYSTEMPATH/Commands/Server/rewrite.php(47): require_once('/Users/mac/Documents/Fathur/KERJA/MEB/Backend/rest-api/public/index.php')
CRITICAL - 2024-06-15 06:54:38 --> Error: Call to a member function findAll() on null
in APPPATH/Controllers/UserController.php on line 22.
 1 SYSTEMPATH/CodeIgniter.php(943): App\Controllers\UserController->index()
 2 SYSTEMPATH/CodeIgniter.php(503): CodeIgniter\CodeIgniter->runController(Object(App\Controllers\UserController))
 3 SYSTEMPATH/CodeIgniter.php(361): CodeIgniter\CodeIgniter->handleRequest(null, Object(Config\Cache), false)
 4 FCPATH/index.php(79): CodeIgniter\CodeIgniter->run()
 5 SYSTEMPATH/Commands/Server/rewrite.php(47): require_once('/Users/mac/Documents/Fathur/KERJA/MEB/Backend/rest-api/public/index.php')
CRITICAL - 2024-06-15 06:58:32 --> ParseError: syntax error, unexpected ',', expecting variable (T_VARIABLE) or '{' or '$'
in APPPATH/Controllers/UserController.php on line 23.
 1 SYSTEMPATH/Autoloader/Autoloader.php(290): CodeIgniter\Autoloader\Autoloader->includeFile('/Users/mac/Documents/Fathur/KERJA/MEB/Backend/rest-api/app/Controllers/UserController.php')
 2 SYSTEMPATH/Autoloader/Autoloader.php(266): CodeIgniter\Autoloader\Autoloader->loadInNamespace('App\\Controllers\\UserController')
 3 [internal function]: CodeIgniter\Autoloader\Autoloader->loadClass('App\\Controllers\\UserController')
 4 [internal function]: spl_autoload_call('App\\Controllers\\UserController')
 5 SYSTEMPATH/CodeIgniter.php(901): class_exists('\\App\\Controllers\\UserController', true)
 6 SYSTEMPATH/CodeIgniter.php(490): CodeIgniter\CodeIgniter->startController()
 7 SYSTEMPATH/CodeIgniter.php(361): CodeIgniter\CodeIgniter->handleRequest(null, Object(Config\Cache), false)
 8 FCPATH/index.php(79): CodeIgniter\CodeIgniter->run()
 9 SYSTEMPATH/Commands/Server/rewrite.php(47): require_once('/Users/mac/Documents/Fathur/KERJA/MEB/Backend/rest-api/public/index.php')
CRITICAL - 2024-06-15 06:58:44 --> Error: Call to a member function findAll() on null
in APPPATH/Controllers/UserController.php on line 28.
 1 SYSTEMPATH/CodeIgniter.php(943): App\Controllers\UserController->index()
 2 SYSTEMPATH/CodeIgniter.php(503): CodeIgniter\CodeIgniter->runController(Object(App\Controllers\UserController))
 3 SYSTEMPATH/CodeIgniter.php(361): CodeIgniter\CodeIgniter->handleRequest(null, Object(Config\Cache), false)
 4 FCPATH/index.php(79): CodeIgniter\CodeIgniter->run()
 5 SYSTEMPATH/Commands/Server/rewrite.php(47): require_once('/Users/mac/Documents/Fathur/KERJA/MEB/Backend/rest-api/public/index.php')
CRITICAL - 2024-06-15 07:02:32 --> Error: Call to a member function findAll() on null
in APPPATH/Controllers/UserController.php on line 28.
 1 SYSTEMPATH/CodeIgniter.php(943): App\Controllers\UserController->index()
 2 SYSTEMPATH/CodeIgniter.php(503): CodeIgniter\CodeIgniter->runController(Object(App\Controllers\UserController))
 3 SYSTEMPATH/CodeIgniter.php(361): CodeIgniter\CodeIgniter->handleRequest(null, Object(Config\Cache), false)
 4 FCPATH/index.php(79): CodeIgniter\CodeIgniter->run()
 5 SYSTEMPATH/Commands/Server/rewrite.php(47): require_once('/Users/mac/Documents/Fathur/KERJA/MEB/Backend/rest-api/public/index.php')
CRITICAL - 2024-06-15 07:02:33 --> Error: Call to a member function findAll() on null
in APPPATH/Controllers/UserController.php on line 28.
 1 SYSTEMPATH/CodeIgniter.php(943): App\Controllers\UserController->index()
 2 SYSTEMPATH/CodeIgniter.php(503): CodeIgniter\CodeIgniter->runController(Object(App\Controllers\UserController))
 3 SYSTEMPATH/CodeIgniter.php(361): CodeIgniter\CodeIgniter->handleRequest(null, Object(Config\Cache), false)
 4 FCPATH/index.php(79): CodeIgniter\CodeIgniter->run()
 5 SYSTEMPATH/Commands/Server/rewrite.php(47): require_once('/Users/mac/Documents/Fathur/KERJA/MEB/Backend/rest-api/public/index.php')
CRITICAL - 2024-06-15 07:02:33 --> Error: Call to a member function findAll() on null
in APPPATH/Controllers/UserController.php on line 28.
 1 SYSTEMPATH/CodeIgniter.php(943): App\Controllers\UserController->index()
 2 SYSTEMPATH/CodeIgniter.php(503): CodeIgniter\CodeIgniter->runController(Object(App\Controllers\UserController))
 3 SYSTEMPATH/CodeIgniter.php(361): CodeIgniter\CodeIgniter->handleRequest(null, Object(Config\Cache), false)
 4 FCPATH/index.php(79): CodeIgniter\CodeIgniter->run()
 5 SYSTEMPATH/Commands/Server/rewrite.php(47): require_once('/Users/mac/Documents/Fathur/KERJA/MEB/Backend/rest-api/public/index.php')
CRITICAL - 2024-06-15 07:02:34 --> Error: Call to a member function findAll() on null
in APPPATH/Controllers/UserController.php on line 28.
 1 SYSTEMPATH/CodeIgniter.php(943): App\Controllers\UserController->index()
 2 SYSTEMPATH/CodeIgniter.php(503): CodeIgniter\CodeIgniter->runController(Object(App\Controllers\UserController))
 3 SYSTEMPATH/CodeIgniter.php(361): CodeIgniter\CodeIgniter->handleRequest(null, Object(Config\Cache), false)
 4 FCPATH/index.php(79): CodeIgniter\CodeIgniter->run()
 5 SYSTEMPATH/Commands/Server/rewrite.php(47): require_once('/Users/mac/Documents/Fathur/KERJA/MEB/Backend/rest-api/public/index.php')
CRITICAL - 2024-06-15 07:02:43 --> Error: Call to a member function findAll() on null
in APPPATH/Controllers/UserController.php on line 28.
 1 SYSTEMPATH/CodeIgniter.php(943): App\Controllers\UserController->index()
 2 SYSTEMPATH/CodeIgniter.php(503): CodeIgniter\CodeIgniter->runController(Object(App\Controllers\UserController))
 3 SYSTEMPATH/CodeIgniter.php(361): CodeIgniter\CodeIgniter->handleRequest(null, Object(Config\Cache), false)
 4 FCPATH/index.php(79): CodeIgniter\CodeIgniter->run()
 5 SYSTEMPATH/Commands/Server/rewrite.php(47): require_once('/Users/mac/Documents/Fathur/KERJA/MEB/Backend/rest-api/public/index.php')
CRITICAL - 2024-06-15 07:05:27 --> Error: Class 'App\Controllers\UserModel' not found
in APPPATH/Controllers/UserController.php on line 20.
 1 SYSTEMPATH/CodeIgniter.php(943): App\Controllers\UserController->index()
 2 SYSTEMPATH/CodeIgniter.php(503): CodeIgniter\CodeIgniter->runController(Object(App\Controllers\UserController))
 3 SYSTEMPATH/CodeIgniter.php(361): CodeIgniter\CodeIgniter->handleRequest(null, Object(Config\Cache), false)
 4 FCPATH/index.php(79): CodeIgniter\CodeIgniter->run()
 5 SYSTEMPATH/Commands/Server/rewrite.php(47): require_once('/Users/mac/Documents/Fathur/KERJA/MEB/Backend/rest-api/public/index.php')
CRITICAL - 2024-06-15 07:05:44 --> Error: Class 'App\Controllers\User' not found
in APPPATH/Controllers/UserController.php on line 20.
 1 SYSTEMPATH/CodeIgniter.php(943): App\Controllers\UserController->index()
 2 SYSTEMPATH/CodeIgniter.php(503): CodeIgniter\CodeIgniter->runController(Object(App\Controllers\UserController))
 3 SYSTEMPATH/CodeIgniter.php(361): CodeIgniter\CodeIgniter->handleRequest(null, Object(Config\Cache), false)
 4 FCPATH/index.php(79): CodeIgniter\CodeIgniter->run()
 5 SYSTEMPATH/Commands/Server/rewrite.php(47): require_once('/Users/mac/Documents/Fathur/KERJA/MEB/Backend/rest-api/public/index.php')
CRITICAL - 2024-06-15 07:06:29 --> Error: Class 'App\Models\UserModel' not found
in APPPATH/Controllers/UserController.php on line 12.
 1 SYSTEMPATH/CodeIgniter.php(943): App\Controllers\UserController->index()
 2 SYSTEMPATH/CodeIgniter.php(503): CodeIgniter\CodeIgniter->runController(Object(App\Controllers\UserController))
 3 SYSTEMPATH/CodeIgniter.php(361): CodeIgniter\CodeIgniter->handleRequest(null, Object(Config\Cache), false)
 4 FCPATH/index.php(79): CodeIgniter\CodeIgniter->run()
 5 SYSTEMPATH/Commands/Server/rewrite.php(47): require_once('/Users/mac/Documents/Fathur/KERJA/MEB/Backend/rest-api/public/index.php')
CRITICAL - 2024-06-15 07:07:53 --> Error: Class 'App\Controllers\User' not found
in APPPATH/Controllers/UserController.php on line 31.
 1 SYSTEMPATH/CodeIgniter.php(943): App\Controllers\UserController->index()
 2 SYSTEMPATH/CodeIgniter.php(503): CodeIgniter\CodeIgniter->runController(Object(App\Controllers\UserController))
 3 SYSTEMPATH/CodeIgniter.php(361): CodeIgniter\CodeIgniter->handleRequest(null, Object(Config\Cache), false)
 4 FCPATH/index.php(79): CodeIgniter\CodeIgniter->run()
 5 SYSTEMPATH/Commands/Server/rewrite.php(47): require_once('/Users/mac/Documents/Fathur/KERJA/MEB/Backend/rest-api/public/index.php')
CRITICAL - 2024-06-15 07:07:54 --> Error: Class 'App\Controllers\User' not found
in APPPATH/Controllers/UserController.php on line 31.
 1 SYSTEMPATH/CodeIgniter.php(943): App\Controllers\UserController->index()
 2 SYSTEMPATH/CodeIgniter.php(503): CodeIgniter\CodeIgniter->runController(Object(App\Controllers\UserController))
 3 SYSTEMPATH/CodeIgniter.php(361): CodeIgniter\CodeIgniter->handleRequest(null, Object(Config\Cache), false)
 4 FCPATH/index.php(79): CodeIgniter\CodeIgniter->run()
 5 SYSTEMPATH/Commands/Server/rewrite.php(47): require_once('/Users/mac/Documents/Fathur/KERJA/MEB/Backend/rest-api/public/index.php')
CRITICAL - 2024-06-15 14:34:16 --> TypeError: Argument 1 passed to CodeIgniter\Database\BaseBuilder::get() must be of the type int or null, string given, called in /Users/mac/Documents/Fathur/KERJA/MEB/Backend/rest-api/vendor/codeigniter4/framework/system/Model.php on line 877
in SYSTEMPATH/Database/BaseBuilder.php on line 1608.
 1 SYSTEMPATH/Model.php(877): CodeIgniter\Database\BaseBuilder->get('nama')
 2 APPPATH/Controllers/UserController.php(21): CodeIgniter\Model->__call('get', [...])
 3 SYSTEMPATH/CodeIgniter.php(943): App\Controllers\UserController->index()
 4 SYSTEMPATH/CodeIgniter.php(503): CodeIgniter\CodeIgniter->runController(Object(App\Controllers\UserController))
 5 SYSTEMPATH/CodeIgniter.php(361): CodeIgniter\CodeIgniter->handleRequest(null, Object(Config\Cache), false)
 6 FCPATH/index.php(79): CodeIgniter\CodeIgniter->run()
 7 SYSTEMPATH/Commands/Server/rewrite.php(47): require_once('/Users/mac/Documents/Fathur/KERJA/MEB/Backend/rest-api/public/index.php')
ERROR - 2024-06-15 15:13:14 --> mysqli_sql_exception: Table 'db_automation.messages' doesn't exist in /Users/mac/Documents/Fathur/KERJA/MEB/Backend/rest-api/vendor/codeigniter4/framework/system/Database/MySQLi/Connection.php:306
Stack trace:
#0 /Users/mac/Documents/Fathur/KERJA/MEB/Backend/rest-api/vendor/codeigniter4/framework/system/Database/MySQLi/Connection.php(306): mysqli->query('SELECT *\nFROM `...', 0)
#1 /Users/mac/Documents/Fathur/KERJA/MEB/Backend/rest-api/vendor/codeigniter4/framework/system/Database/BaseConnection.php(693): CodeIgniter\Database\MySQLi\Connection->execute('SELECT *\nFROM `...')
#2 /Users/mac/Documents/Fathur/KERJA/MEB/Backend/rest-api/vendor/codeigniter4/framework/system/Database/BaseConnection.php(607): CodeIgniter\Database\BaseConnection->simpleQuery('SELECT *\nFROM `...')
#3 /Users/mac/Documents/Fathur/KERJA/MEB/Backend/rest-api/vendor/codeigniter4/framework/system/Database/BaseBuilder.php(1616): CodeIgniter\Database\BaseConnection->query('SELECT *\nFROM `...', Array, false)
#4 /Users/mac/Documents/Fathur/KERJA/MEB/Backend/rest-api/vendor/codeigniter4/framework/system/Model.php(271): CodeIgniter\Database\BaseBuilder->get()
#5 /Users/mac/Documents/Fathur/KERJA/MEB/Backend/rest-api/vendor/codeigniter4/framework/system/BaseModel.php(679): CodeIgniter\Model->doFirst()
#6 /Users/mac/Documents/Fathur/KERJA/MEB/Backend/rest-api/app/Controllers/Message.php(19): CodeIgniter\BaseModel->first()
#7 /Users/mac/Documents/Fathur/KERJA/MEB/Backend/rest-api/vendor/codeigniter4/framework/system/CodeIgniter.php(943): App\Controllers\Message->index()
#8 /Users/mac/Documents/Fathur/KERJA/MEB/Backend/rest-api/vendor/codeigniter4/framework/system/CodeIgniter.php(503): CodeIgniter\CodeIgniter->runController(Object(App\Controllers\Message))
#9 /Users/mac/Documents/Fathur/KERJA/MEB/Backend/rest-api/vendor/codeigniter4/framework/system/CodeIgniter.php(361): CodeIgniter\CodeIgniter->handleRequest(NULL, Object(Config\Cache), false)
#10 /Users/mac/Documents/Fathur/KERJA/MEB/Backend/rest-api/public/index.php(79): CodeIgniter\CodeIgniter->run()
#11 /Users/mac/Documents/Fathur/KERJA/MEB/Backend/rest-api/vendor/codeigniter4/framework/system/Commands/Server/rewrite.php(47): require_once('/Users/mac/Docu...')
#12 {main}
CRITICAL - 2024-06-15 15:13:14 --> CodeIgniter\Database\Exceptions\DatabaseException: Table 'db_automation.messages' doesn't exist
in SYSTEMPATH/Database/BaseConnection.php on line 647.
 1 SYSTEMPATH/Database/BaseBuilder.php(1616): CodeIgniter\Database\BaseConnection->query('SELECT *
FROM `messages`
ORDER BY rand()
 LIMIT 1', [], false)
 2 SYSTEMPATH/Model.php(271): CodeIgniter\Database\BaseBuilder->get()
 3 SYSTEMPATH/BaseModel.php(679): CodeIgniter\Model->doFirst()
 4 APPPATH/Controllers/Message.php(19): CodeIgniter\BaseModel->first()
 5 SYSTEMPATH/CodeIgniter.php(943): App\Controllers\Message->index()
 6 SYSTEMPATH/CodeIgniter.php(503): CodeIgniter\CodeIgniter->runController(Object(App\Controllers\Message))
 7 SYSTEMPATH/CodeIgniter.php(361): CodeIgniter\CodeIgniter->handleRequest(null, Object(Config\Cache), false)
 8 FCPATH/index.php(79): CodeIgniter\CodeIgniter->run()
 9 SYSTEMPATH/Commands/Server/rewrite.php(47): require_once('/Users/mac/Documents/Fathur/KERJA/MEB/Backend/rest-api/public/index.php')
CRITICAL - 2024-06-15 15:13:14 --> [Caused by] CodeIgniter\Database\Exceptions\DatabaseException: Table 'db_automation.messages' doesn't exist
in SYSTEMPATH/Database/MySQLi/Connection.php on line 311.
 1 SYSTEMPATH/Database/BaseConnection.php(693): CodeIgniter\Database\MySQLi\Connection->execute('SELECT *
FROM `messages`
ORDER BY rand()
 LIMIT 1')
 2 SYSTEMPATH/Database/BaseConnection.php(607): CodeIgniter\Database\BaseConnection->simpleQuery('SELECT *
FROM `messages`
ORDER BY rand()
 LIMIT 1')
 3 SYSTEMPATH/Database/BaseBuilder.php(1616): CodeIgniter\Database\BaseConnection->query('SELECT *
FROM `messages`
ORDER BY rand()
 LIMIT 1', [], false)
 4 SYSTEMPATH/Model.php(271): CodeIgniter\Database\BaseBuilder->get()
 5 SYSTEMPATH/BaseModel.php(679): CodeIgniter\Model->doFirst()
 6 APPPATH/Controllers/Message.php(19): CodeIgniter\BaseModel->first()
 7 SYSTEMPATH/CodeIgniter.php(943): App\Controllers\Message->index()
 8 SYSTEMPATH/CodeIgniter.php(503): CodeIgniter\CodeIgniter->runController(Object(App\Controllers\Message))
 9 SYSTEMPATH/CodeIgniter.php(361): CodeIgniter\CodeIgniter->handleRequest(null, Object(Config\Cache), false)
10 FCPATH/index.php(79): CodeIgniter\CodeIgniter->run()
11 SYSTEMPATH/Commands/Server/rewrite.php(47): require_once('/Users/mac/Documents/Fathur/KERJA/MEB/Backend/rest-api/public/index.php')
CRITICAL - 2024-06-15 15:13:14 --> [Caused by] mysqli_sql_exception: Table 'db_automation.messages' doesn't exist
in SYSTEMPATH/Database/MySQLi/Connection.php on line 306.
 1 SYSTEMPATH/Database/MySQLi/Connection.php(306): mysqli->query('SELECT *
FROM `messages`
ORDER BY rand()
 LIMIT 1', 0)
 2 SYSTEMPATH/Database/BaseConnection.php(693): CodeIgniter\Database\MySQLi\Connection->execute('SELECT *
FROM `messages`
ORDER BY rand()
 LIMIT 1')
 3 SYSTEMPATH/Database/BaseConnection.php(607): CodeIgniter\Database\BaseConnection->simpleQuery('SELECT *
FROM `messages`
ORDER BY rand()
 LIMIT 1')
 4 SYSTEMPATH/Database/BaseBuilder.php(1616): CodeIgniter\Database\BaseConnection->query('SELECT *
FROM `messages`
ORDER BY rand()
 LIMIT 1', [], false)
 5 SYSTEMPATH/Model.php(271): CodeIgniter\Database\BaseBuilder->get()
 6 SYSTEMPATH/BaseModel.php(679): CodeIgniter\Model->doFirst()
 7 APPPATH/Controllers/Message.php(19): CodeIgniter\BaseModel->first()
 8 SYSTEMPATH/CodeIgniter.php(943): App\Controllers\Message->index()
 9 SYSTEMPATH/CodeIgniter.php(503): CodeIgniter\CodeIgniter->runController(Object(App\Controllers\Message))
10 SYSTEMPATH/CodeIgniter.php(361): CodeIgniter\CodeIgniter->handleRequest(null, Object(Config\Cache), false)
11 FCPATH/index.php(79): CodeIgniter\CodeIgniter->run()
12 SYSTEMPATH/Commands/Server/rewrite.php(47): require_once('/Users/mac/Documents/Fathur/KERJA/MEB/Backend/rest-api/public/index.php')
ERROR - 2024-06-15 15:32:58 --> mysqli_sql_exception: Column 'no_hp' cannot be null in /Users/mac/Documents/Fathur/KERJA/MEB/Backend/rest-api/vendor/codeigniter4/framework/system/Database/MySQLi/Connection.php:306
Stack trace:
#0 /Users/mac/Documents/Fathur/KERJA/MEB/Backend/rest-api/vendor/codeigniter4/framework/system/Database/MySQLi/Connection.php(306): mysqli->query('INSERT INTO `tb...', 0)
#1 /Users/mac/Documents/Fathur/KERJA/MEB/Backend/rest-api/vendor/codeigniter4/framework/system/Database/BaseConnection.php(693): CodeIgniter\Database\MySQLi\Connection->execute('INSERT INTO `tb...')
#2 /Users/mac/Documents/Fathur/KERJA/MEB/Backend/rest-api/vendor/codeigniter4/framework/system/Database/BaseConnection.php(607): CodeIgniter\Database\BaseConnection->simpleQuery('INSERT INTO `tb...')
#3 /Users/mac/Documents/Fathur/KERJA/MEB/Backend/rest-api/vendor/codeigniter4/framework/system/Database/BaseBuilder.php(2307): CodeIgniter\Database\BaseConnection->query('INSERT INTO `tb...', Array, false)
#4 /Users/mac/Documents/Fathur/KERJA/MEB/Backend/rest-api/vendor/codeigniter4/framework/system/Model.php(327): CodeIgniter\Database\BaseBuilder->insert()
#5 /Users/mac/Documents/Fathur/KERJA/MEB/Backend/rest-api/vendor/codeigniter4/framework/system/BaseModel.php(805): CodeIgniter\Model->doInsert(Array)
#6 /Users/mac/Documents/Fathur/KERJA/MEB/Backend/rest-api/vendor/codeigniter4/framework/system/Model.php(749): CodeIgniter\BaseModel->insert(Array, true)
#7 /Users/mac/Documents/Fathur/KERJA/MEB/Backend/rest-api/app/Controllers/Auth.php(55): CodeIgniter\Model->insert(Array)
#8 /Users/mac/Documents/Fathur/KERJA/MEB/Backend/rest-api/vendor/codeigniter4/framework/system/CodeIgniter.php(943): App\Controllers\Auth->create()
#9 /Users/mac/Documents/Fathur/KERJA/MEB/Backend/rest-api/vendor/codeigniter4/framework/system/CodeIgniter.php(503): CodeIgniter\CodeIgniter->runController(Object(App\Controllers\Auth))
#10 /Users/mac/Documents/Fathur/KERJA/MEB/Backend/rest-api/vendor/codeigniter4/framework/system/CodeIgniter.php(361): CodeIgniter\CodeIgniter->handleRequest(NULL, Object(Config\Cache), false)
#11 /Users/mac/Documents/Fathur/KERJA/MEB/Backend/rest-api/public/index.php(79): CodeIgniter\CodeIgniter->run()
#12 /Users/mac/Documents/Fathur/KERJA/MEB/Backend/rest-api/vendor/codeigniter4/framework/system/Commands/Server/rewrite.php(47): require_once('/Users/mac/Docu...')
#13 {main}
CRITICAL - 2024-06-15 15:32:58 --> CodeIgniter\Database\Exceptions\DatabaseException: Column 'no_hp' cannot be null
in SYSTEMPATH/Database/BaseConnection.php on line 647.
 1 SYSTEMPATH/Database/BaseBuilder.php(2307): CodeIgniter\Database\BaseConnection->query('INSERT INTO `tb_auth` (`device_id`, `no_hp`, `created_at`, `updated_at`) VALUES (:device_id:, :no_hp:, :created_at:, :updated_at:)', [...], false)
 2 SYSTEMPATH/Model.php(327): CodeIgniter\Database\BaseBuilder->insert()
 3 SYSTEMPATH/BaseModel.php(805): CodeIgniter\Model->doInsert([...])
 4 SYSTEMPATH/Model.php(749): CodeIgniter\BaseModel->insert([...], true)
 5 APPPATH/Controllers/Auth.php(55): CodeIgniter\Model->insert([...])
 6 SYSTEMPATH/CodeIgniter.php(943): App\Controllers\Auth->create()
 7 SYSTEMPATH/CodeIgniter.php(503): CodeIgniter\CodeIgniter->runController(Object(App\Controllers\Auth))
 8 SYSTEMPATH/CodeIgniter.php(361): CodeIgniter\CodeIgniter->handleRequest(null, Object(Config\Cache), false)
 9 FCPATH/index.php(79): CodeIgniter\CodeIgniter->run()
10 SYSTEMPATH/Commands/Server/rewrite.php(47): require_once('/Users/mac/Documents/Fathur/KERJA/MEB/Backend/rest-api/public/index.php')
CRITICAL - 2024-06-15 15:32:58 --> [Caused by] CodeIgniter\Database\Exceptions\DatabaseException: Column 'no_hp' cannot be null
in SYSTEMPATH/Database/MySQLi/Connection.php on line 311.
 1 SYSTEMPATH/Database/BaseConnection.php(693): CodeIgniter\Database\MySQLi\Connection->execute('INSERT INTO `tb_auth` (`device_id`, `no_hp`, `created_at`, `updated_at`) VALUES (\'123\', NULL, \'2024-06-15 15:32:58\', \'2024-06-15 15:32:58\')')
 2 SYSTEMPATH/Database/BaseConnection.php(607): CodeIgniter\Database\BaseConnection->simpleQuery('INSERT INTO `tb_auth` (`device_id`, `no_hp`, `created_at`, `updated_at`) VALUES (\'123\', NULL, \'2024-06-15 15:32:58\', \'2024-06-15 15:32:58\')')
 3 SYSTEMPATH/Database/BaseBuilder.php(2307): CodeIgniter\Database\BaseConnection->query('INSERT INTO `tb_auth` (`device_id`, `no_hp`, `created_at`, `updated_at`) VALUES (:device_id:, :no_hp:, :created_at:, :updated_at:)', [...], false)
 4 SYSTEMPATH/Model.php(327): CodeIgniter\Database\BaseBuilder->insert()
 5 SYSTEMPATH/BaseModel.php(805): CodeIgniter\Model->doInsert([...])
 6 SYSTEMPATH/Model.php(749): CodeIgniter\BaseModel->insert([...], true)
 7 APPPATH/Controllers/Auth.php(55): CodeIgniter\Model->insert([...])
 8 SYSTEMPATH/CodeIgniter.php(943): App\Controllers\Auth->create()
 9 SYSTEMPATH/CodeIgniter.php(503): CodeIgniter\CodeIgniter->runController(Object(App\Controllers\Auth))
10 SYSTEMPATH/CodeIgniter.php(361): CodeIgniter\CodeIgniter->handleRequest(null, Object(Config\Cache), false)
11 FCPATH/index.php(79): CodeIgniter\CodeIgniter->run()
12 SYSTEMPATH/Commands/Server/rewrite.php(47): require_once('/Users/mac/Documents/Fathur/KERJA/MEB/Backend/rest-api/public/index.php')
CRITICAL - 2024-06-15 15:32:58 --> [Caused by] mysqli_sql_exception: Column 'no_hp' cannot be null
in SYSTEMPATH/Database/MySQLi/Connection.php on line 306.
 1 SYSTEMPATH/Database/MySQLi/Connection.php(306): mysqli->query('INSERT INTO `tb_auth` (`device_id`, `no_hp`, `created_at`, `updated_at`) VALUES (\'123\', NULL, \'2024-06-15 15:32:58\', \'2024-06-15 15:32:58\')', 0)
 2 SYSTEMPATH/Database/BaseConnection.php(693): CodeIgniter\Database\MySQLi\Connection->execute('INSERT INTO `tb_auth` (`device_id`, `no_hp`, `created_at`, `updated_at`) VALUES (\'123\', NULL, \'2024-06-15 15:32:58\', \'2024-06-15 15:32:58\')')
 3 SYSTEMPATH/Database/BaseConnection.php(607): CodeIgniter\Database\BaseConnection->simpleQuery('INSERT INTO `tb_auth` (`device_id`, `no_hp`, `created_at`, `updated_at`) VALUES (\'123\', NULL, \'2024-06-15 15:32:58\', \'2024-06-15 15:32:58\')')
 4 SYSTEMPATH/Database/BaseBuilder.php(2307): CodeIgniter\Database\BaseConnection->query('INSERT INTO `tb_auth` (`device_id`, `no_hp`, `created_at`, `updated_at`) VALUES (:device_id:, :no_hp:, :created_at:, :updated_at:)', [...], false)
 5 SYSTEMPATH/Model.php(327): CodeIgniter\Database\BaseBuilder->insert()
 6 SYSTEMPATH/BaseModel.php(805): CodeIgniter\Model->doInsert([...])
 7 SYSTEMPATH/Model.php(749): CodeIgniter\BaseModel->insert([...], true)
 8 APPPATH/Controllers/Auth.php(55): CodeIgniter\Model->insert([...])
 9 SYSTEMPATH/CodeIgniter.php(943): App\Controllers\Auth->create()
10 SYSTEMPATH/CodeIgniter.php(503): CodeIgniter\CodeIgniter->runController(Object(App\Controllers\Auth))
11 SYSTEMPATH/CodeIgniter.php(361): CodeIgniter\CodeIgniter->handleRequest(null, Object(Config\Cache), false)
12 FCPATH/index.php(79): CodeIgniter\CodeIgniter->run()
13 SYSTEMPATH/Commands/Server/rewrite.php(47): require_once('/Users/mac/Documents/Fathur/KERJA/MEB/Backend/rest-api/public/index.php')
