ERROR - 2024-06-14 15:00:44 --> Error connecting to the database: mysqli_sql_exception: No such file or directory in /Users/mac/Documents/Fathur/KERJA/MEB/Backend/rest-api/vendor/codeigniter4/framework/system/Database/MySQLi/Connection.php:185
Stack trace:
#0 /Users/mac/Documents/Fathur/KERJA/MEB/Backend/rest-api/vendor/codeigniter4/framework/system/Database/MySQLi/Connection.php(185): mysqli->real_connect('localhost', '', '', '', 3306, '', 0)
#1 /Users/mac/Documents/Fathur/KERJA/MEB/Backend/rest-api/vendor/codeigniter4/framework/system/Database/BaseConnection.php(392): CodeIgniter\Database\MySQLi\Connection->connect(false)
#2 /Users/mac/Documents/Fathur/KERJA/MEB/Backend/rest-api/vendor/codeigniter4/framework/system/Database/BaseConnection.php(575): CodeIgniter\Database\BaseConnection->initialize()
#3 /Users/mac/Documents/Fathur/KERJA/MEB/Backend/rest-api/vendor/codeigniter4/framework/system/Database/BaseConnection.php(1410): CodeIgniter\Database\BaseConnection->query('SHOW TABLES FRO...')
#4 /Users/mac/Documents/Fathur/KERJA/MEB/Backend/rest-api/vendor/codeigniter4/framework/system/Database/BaseConnection.php(1429): CodeIgniter\Database\BaseConnection->listTables()
#5 /Users/mac/Documents/Fathur/KERJA/MEB/Backend/rest-api/vendor/codeigniter4/framework/system/Database/MigrationRunner.php(757): CodeIgniter\Database\BaseConnection->tableExists('migrations')
#6 /Users/mac/Documents/Fathur/KERJA/MEB/Backend/rest-api/vendor/codeigniter4/framework/system/Database/MigrationRunner.php(161): CodeIgniter\Database\MigrationRunner->ensureTable()
#7 /Users/mac/Documents/Fathur/KERJA/MEB/Backend/rest-api/vendor/codeigniter4/framework/system/Commands/Database/Migrate.php(84): CodeIgniter\Database\MigrationRunner->latest(NULL)
#8 /Users/mac/Documents/Fathur/KERJA/MEB/Backend/rest-api/vendor/codeigniter4/framework/system/CLI/Commands.php(65): CodeIgniter\Commands\Database\Migrate->run(Array)
#9 /Users/mac/Documents/Fathur/KERJA/MEB/Backend/rest-api/vendor/codeigniter4/framework/system/CLI/Console.php(46): CodeIgniter\CLI\Commands->run('migrate', Array)
#10 /Users/mac/Documents/Fathur/KERJA/MEB/Backend/rest-api/spark(102): CodeIgniter\CLI\Console->run()
#11 {main}

Next CodeIgniter\Database\Exceptions\DatabaseException: No such file or directory in /Users/mac/Documents/Fathur/KERJA/MEB/Backend/rest-api/vendor/codeigniter4/framework/system/Database/MySQLi/Connection.php:229
Stack trace:
#0 /Users/mac/Documents/Fathur/KERJA/MEB/Backend/rest-api/vendor/codeigniter4/framework/system/Database/BaseConnection.php(392): CodeIgniter\Database\MySQLi\Connection->connect(false)
#1 /Users/mac/Documents/Fathur/KERJA/MEB/Backend/rest-api/vendor/codeigniter4/framework/system/Database/BaseConnection.php(575): CodeIgniter\Database\BaseConnection->initialize()
#2 /Users/mac/Documents/Fathur/KERJA/MEB/Backend/rest-api/vendor/codeigniter4/framework/system/Database/BaseConnection.php(1410): CodeIgniter\Database\BaseConnection->query('SHOW TABLES FRO...')
#3 /Users/mac/Documents/Fathur/KERJA/MEB/Backend/rest-api/vendor/codeigniter4/framework/system/Database/BaseConnection.php(1429): CodeIgniter\Database\BaseConnection->listTables()
#4 /Users/mac/Documents/Fathur/KERJA/MEB/Backend/rest-api/vendor/codeigniter4/framework/system/Database/MigrationRunner.php(757): CodeIgniter\Database\BaseConnection->tableExists('migrations')
#5 /Users/mac/Documents/Fathur/KERJA/MEB/Backend/rest-api/vendor/codeigniter4/framework/system/Database/MigrationRunner.php(161): CodeIgniter\Database\MigrationRunner->ensureTable()
#6 /Users/mac/Documents/Fathur/KERJA/MEB/Backend/rest-api/vendor/codeigniter4/framework/system/Commands/Database/Migrate.php(84): CodeIgniter\Database\MigrationRunner->latest(NULL)
#7 /Users/mac/Documents/Fathur/KERJA/MEB/Backend/rest-api/vendor/codeigniter4/framework/system/CLI/Commands.php(65): CodeIgniter\Commands\Database\Migrate->run(Array)
#8 /Users/mac/Documents/Fathur/KERJA/MEB/Backend/rest-api/vendor/codeigniter4/framework/system/CLI/Console.php(46): CodeIgniter\CLI\Commands->run('migrate', Array)
#9 /Users/mac/Documents/Fathur/KERJA/MEB/Backend/rest-api/spark(102): CodeIgniter\CLI\Console->run()
#10 {main}
ERROR - 2024-06-14 15:03:31 --> Error connecting to the database: mysqli_sql_exception: No such file or directory in /Users/mac/Documents/Fathur/KERJA/MEB/Backend/rest-api/vendor/codeigniter4/framework/system/Database/MySQLi/Connection.php:185
Stack trace:
#0 /Users/mac/Documents/Fathur/KERJA/MEB/Backend/rest-api/vendor/codeigniter4/framework/system/Database/MySQLi/Connection.php(185): mysqli->real_connect('localhost', '', '', '', 3306, '', 0)
#1 /Users/mac/Documents/Fathur/KERJA/MEB/Backend/rest-api/vendor/codeigniter4/framework/system/Database/BaseConnection.php(392): CodeIgniter\Database\MySQLi\Connection->connect(false)
#2 /Users/mac/Documents/Fathur/KERJA/MEB/Backend/rest-api/vendor/codeigniter4/framework/system/Database/BaseConnection.php(575): CodeIgniter\Database\BaseConnection->initialize()
#3 /Users/mac/Documents/Fathur/KERJA/MEB/Backend/rest-api/vendor/codeigniter4/framework/system/Database/BaseConnection.php(1410): CodeIgniter\Database\BaseConnection->query('SHOW TABLES FRO...')
#4 /Users/mac/Documents/Fathur/KERJA/MEB/Backend/rest-api/vendor/codeigniter4/framework/system/Database/BaseConnection.php(1429): CodeIgniter\Database\BaseConnection->listTables()
#5 /Users/mac/Documents/Fathur/KERJA/MEB/Backend/rest-api/vendor/codeigniter4/framework/system/Database/MigrationRunner.php(757): CodeIgniter\Database\BaseConnection->tableExists('migrations')
#6 /Users/mac/Documents/Fathur/KERJA/MEB/Backend/rest-api/vendor/codeigniter4/framework/system/Database/MigrationRunner.php(230): CodeIgniter\Database\MigrationRunner->ensureTable()
#7 /Users/mac/Documents/Fathur/KERJA/MEB/Backend/rest-api/vendor/codeigniter4/framework/system/Commands/Database/MigrateRollback.php(86): CodeIgniter\Database\MigrationRunner->regress(0)
#8 /Users/mac/Documents/Fathur/KERJA/MEB/Backend/rest-api/vendor/codeigniter4/framework/system/CLI/Commands.php(65): CodeIgniter\Commands\Database\MigrateRollback->run(Array)
#9 /Users/mac/Documents/Fathur/KERJA/MEB/Backend/rest-api/vendor/codeigniter4/framework/system/CLI/BaseCommand.php(115): CodeIgniter\CLI\Commands->run('migrate:rollbac...', Array)
#10 /Users/mac/Documents/Fathur/KERJA/MEB/Backend/rest-api/vendor/codeigniter4/framework/system/Commands/Database/MigrateRefresh.php(84): CodeIgniter\CLI\BaseCommand->call('migrate:rollbac...', Array)
#11 /Users/mac/Documents/Fathur/KERJA/MEB/Backend/rest-api/vendor/codeigniter4/framework/system/CLI/Commands.php(65): CodeIgniter\Commands\Database\MigrateRefresh->run(Array)
#12 /Users/mac/Documents/Fathur/KERJA/MEB/Backend/rest-api/vendor/codeigniter4/framework/system/CLI/Console.php(46): CodeIgniter\CLI\Commands->run('migrate:refresh', Array)
#13 /Users/mac/Documents/Fathur/KERJA/MEB/Backend/rest-api/spark(102): CodeIgniter\CLI\Console->run()
#14 {main}

Next CodeIgniter\Database\Exceptions\DatabaseException: No such file or directory in /Users/mac/Documents/Fathur/KERJA/MEB/Backend/rest-api/vendor/codeigniter4/framework/system/Database/MySQLi/Connection.php:229
Stack trace:
#0 /Users/mac/Documents/Fathur/KERJA/MEB/Backend/rest-api/vendor/codeigniter4/framework/system/Database/BaseConnection.php(392): CodeIgniter\Database\MySQLi\Connection->connect(false)
#1 /Users/mac/Documents/Fathur/KERJA/MEB/Backend/rest-api/vendor/codeigniter4/framework/system/Database/BaseConnection.php(575): CodeIgniter\Database\BaseConnection->initialize()
#2 /Users/mac/Documents/Fathur/KERJA/MEB/Backend/rest-api/vendor/codeigniter4/framework/system/Database/BaseConnection.php(1410): CodeIgniter\Database\BaseConnection->query('SHOW TABLES FRO...')
#3 /Users/mac/Documents/Fathur/KERJA/MEB/Backend/rest-api/vendor/codeigniter4/framework/system/Database/BaseConnection.php(1429): CodeIgniter\Database\BaseConnection->listTables()
#4 /Users/mac/Documents/Fathur/KERJA/MEB/Backend/rest-api/vendor/codeigniter4/framework/system/Database/MigrationRunner.php(757): CodeIgniter\Database\BaseConnection->tableExists('migrations')
#5 /Users/mac/Documents/Fathur/KERJA/MEB/Backend/rest-api/vendor/codeigniter4/framework/system/Database/MigrationRunner.php(230): CodeIgniter\Database\MigrationRunner->ensureTable()
#6 /Users/mac/Documents/Fathur/KERJA/MEB/Backend/rest-api/vendor/codeigniter4/framework/system/Commands/Database/MigrateRollback.php(86): CodeIgniter\Database\MigrationRunner->regress(0)
#7 /Users/mac/Documents/Fathur/KERJA/MEB/Backend/rest-api/vendor/codeigniter4/framework/system/CLI/Commands.php(65): CodeIgniter\Commands\Database\MigrateRollback->run(Array)
#8 /Users/mac/Documents/Fathur/KERJA/MEB/Backend/rest-api/vendor/codeigniter4/framework/system/CLI/BaseCommand.php(115): CodeIgniter\CLI\Commands->run('migrate:rollbac...', Array)
#9 /Users/mac/Documents/Fathur/KERJA/MEB/Backend/rest-api/vendor/codeigniter4/framework/system/Commands/Database/MigrateRefresh.php(84): CodeIgniter\CLI\BaseCommand->call('migrate:rollbac...', Array)
#10 /Users/mac/Documents/Fathur/KERJA/MEB/Backend/rest-api/vendor/codeigniter4/framework/system/CLI/Commands.php(65): CodeIgniter\Commands\Database\MigrateRefresh->run(Array)
#11 /Users/mac/Documents/Fathur/KERJA/MEB/Backend/rest-api/vendor/codeigniter4/framework/system/CLI/Console.php(46): CodeIgniter\CLI\Commands->run('migrate:refresh', Array)
#12 /Users/mac/Documents/Fathur/KERJA/MEB/Backend/rest-api/spark(102): CodeIgniter\CLI\Console->run()
#13 {main}
ERROR - 2024-06-14 15:03:31 --> Error connecting to the database: mysqli_sql_exception: No such file or directory in /Users/mac/Documents/Fathur/KERJA/MEB/Backend/rest-api/vendor/codeigniter4/framework/system/Database/MySQLi/Connection.php:185
Stack trace:
#0 /Users/mac/Documents/Fathur/KERJA/MEB/Backend/rest-api/vendor/codeigniter4/framework/system/Database/MySQLi/Connection.php(185): mysqli->real_connect('localhost', '', '', '', 3306, '', 0)
#1 /Users/mac/Documents/Fathur/KERJA/MEB/Backend/rest-api/vendor/codeigniter4/framework/system/Database/BaseConnection.php(392): CodeIgniter\Database\MySQLi\Connection->connect(false)
#2 /Users/mac/Documents/Fathur/KERJA/MEB/Backend/rest-api/vendor/codeigniter4/framework/system/Database/BaseConnection.php(575): CodeIgniter\Database\BaseConnection->initialize()
#3 /Users/mac/Documents/Fathur/KERJA/MEB/Backend/rest-api/vendor/codeigniter4/framework/system/Database/BaseConnection.php(1410): CodeIgniter\Database\BaseConnection->query('SHOW TABLES FRO...')
#4 /Users/mac/Documents/Fathur/KERJA/MEB/Backend/rest-api/vendor/codeigniter4/framework/system/Database/BaseConnection.php(1429): CodeIgniter\Database\BaseConnection->listTables()
#5 /Users/mac/Documents/Fathur/KERJA/MEB/Backend/rest-api/vendor/codeigniter4/framework/system/Database/MigrationRunner.php(757): CodeIgniter\Database\BaseConnection->tableExists('migrations')
#6 /Users/mac/Documents/Fathur/KERJA/MEB/Backend/rest-api/vendor/codeigniter4/framework/system/Database/MigrationRunner.php(161): CodeIgniter\Database\MigrationRunner->ensureTable()
#7 /Users/mac/Documents/Fathur/KERJA/MEB/Backend/rest-api/vendor/codeigniter4/framework/system/Commands/Database/Migrate.php(84): CodeIgniter\Database\MigrationRunner->latest(NULL)
#8 /Users/mac/Documents/Fathur/KERJA/MEB/Backend/rest-api/vendor/codeigniter4/framework/system/CLI/Commands.php(65): CodeIgniter\Commands\Database\Migrate->run(Array)
#9 /Users/mac/Documents/Fathur/KERJA/MEB/Backend/rest-api/vendor/codeigniter4/framework/system/CLI/BaseCommand.php(115): CodeIgniter\CLI\Commands->run('migrate', Array)
#10 /Users/mac/Documents/Fathur/KERJA/MEB/Backend/rest-api/vendor/codeigniter4/framework/system/Commands/Database/MigrateRefresh.php(85): CodeIgniter\CLI\BaseCommand->call('migrate', Array)
#11 /Users/mac/Documents/Fathur/KERJA/MEB/Backend/rest-api/vendor/codeigniter4/framework/system/CLI/Commands.php(65): CodeIgniter\Commands\Database\MigrateRefresh->run(Array)
#12 /Users/mac/Documents/Fathur/KERJA/MEB/Backend/rest-api/vendor/codeigniter4/framework/system/CLI/Console.php(46): CodeIgniter\CLI\Commands->run('migrate:refresh', Array)
#13 /Users/mac/Documents/Fathur/KERJA/MEB/Backend/rest-api/spark(102): CodeIgniter\CLI\Console->run()
#14 {main}

Next CodeIgniter\Database\Exceptions\DatabaseException: No such file or directory in /Users/mac/Documents/Fathur/KERJA/MEB/Backend/rest-api/vendor/codeigniter4/framework/system/Database/MySQLi/Connection.php:229
Stack trace:
#0 /Users/mac/Documents/Fathur/KERJA/MEB/Backend/rest-api/vendor/codeigniter4/framework/system/Database/BaseConnection.php(392): CodeIgniter\Database\MySQLi\Connection->connect(false)
#1 /Users/mac/Documents/Fathur/KERJA/MEB/Backend/rest-api/vendor/codeigniter4/framework/system/Database/BaseConnection.php(575): CodeIgniter\Database\BaseConnection->initialize()
#2 /Users/mac/Documents/Fathur/KERJA/MEB/Backend/rest-api/vendor/codeigniter4/framework/system/Database/BaseConnection.php(1410): CodeIgniter\Database\BaseConnection->query('SHOW TABLES FRO...')
#3 /Users/mac/Documents/Fathur/KERJA/MEB/Backend/rest-api/vendor/codeigniter4/framework/system/Database/BaseConnection.php(1429): CodeIgniter\Database\BaseConnection->listTables()
#4 /Users/mac/Documents/Fathur/KERJA/MEB/Backend/rest-api/vendor/codeigniter4/framework/system/Database/MigrationRunner.php(757): CodeIgniter\Database\BaseConnection->tableExists('migrations')
#5 /Users/mac/Documents/Fathur/KERJA/MEB/Backend/rest-api/vendor/codeigniter4/framework/system/Database/MigrationRunner.php(161): CodeIgniter\Database\MigrationRunner->ensureTable()
#6 /Users/mac/Documents/Fathur/KERJA/MEB/Backend/rest-api/vendor/codeigniter4/framework/system/Commands/Database/Migrate.php(84): CodeIgniter\Database\MigrationRunner->latest(NULL)
#7 /Users/mac/Documents/Fathur/KERJA/MEB/Backend/rest-api/vendor/codeigniter4/framework/system/CLI/Commands.php(65): CodeIgniter\Commands\Database\Migrate->run(Array)
#8 /Users/mac/Documents/Fathur/KERJA/MEB/Backend/rest-api/vendor/codeigniter4/framework/system/CLI/BaseCommand.php(115): CodeIgniter\CLI\Commands->run('migrate', Array)
#9 /Users/mac/Documents/Fathur/KERJA/MEB/Backend/rest-api/vendor/codeigniter4/framework/system/Commands/Database/MigrateRefresh.php(85): CodeIgniter\CLI\BaseCommand->call('migrate', Array)
#10 /Users/mac/Documents/Fathur/KERJA/MEB/Backend/rest-api/vendor/codeigniter4/framework/system/CLI/Commands.php(65): CodeIgniter\Commands\Database\MigrateRefresh->run(Array)
#11 /Users/mac/Documents/Fathur/KERJA/MEB/Backend/rest-api/vendor/codeigniter4/framework/system/CLI/Console.php(46): CodeIgniter\CLI\Commands->run('migrate:refresh', Array)
#12 /Users/mac/Documents/Fathur/KERJA/MEB/Backend/rest-api/spark(102): CodeIgniter\CLI\Console->run()
#13 {main}
ERROR - 2024-06-14 15:04:44 --> Error connecting to the database: mysqli_sql_exception: No such file or directory in /Users/mac/Documents/Fathur/KERJA/MEB/Backend/rest-api/vendor/codeigniter4/framework/system/Database/MySQLi/Connection.php:185
Stack trace:
#0 /Users/mac/Documents/Fathur/KERJA/MEB/Backend/rest-api/vendor/codeigniter4/framework/system/Database/MySQLi/Connection.php(185): mysqli->real_connect('localhost', '', '', '', 3306, '', 0)
#1 /Users/mac/Documents/Fathur/KERJA/MEB/Backend/rest-api/vendor/codeigniter4/framework/system/Database/BaseConnection.php(392): CodeIgniter\Database\MySQLi\Connection->connect(false)
#2 /Users/mac/Documents/Fathur/KERJA/MEB/Backend/rest-api/vendor/codeigniter4/framework/system/Database/BaseConnection.php(575): CodeIgniter\Database\BaseConnection->initialize()
#3 /Users/mac/Documents/Fathur/KERJA/MEB/Backend/rest-api/vendor/codeigniter4/framework/system/Database/BaseConnection.php(1410): CodeIgniter\Database\BaseConnection->query('SHOW TABLES FRO...')
#4 /Users/mac/Documents/Fathur/KERJA/MEB/Backend/rest-api/vendor/codeigniter4/framework/system/Database/BaseConnection.php(1429): CodeIgniter\Database\BaseConnection->listTables()
#5 /Users/mac/Documents/Fathur/KERJA/MEB/Backend/rest-api/vendor/codeigniter4/framework/system/Database/MigrationRunner.php(757): CodeIgniter\Database\BaseConnection->tableExists('migrations')
#6 /Users/mac/Documents/Fathur/KERJA/MEB/Backend/rest-api/vendor/codeigniter4/framework/system/Database/MigrationRunner.php(161): CodeIgniter\Database\MigrationRunner->ensureTable()
#7 /Users/mac/Documents/Fathur/KERJA/MEB/Backend/rest-api/vendor/codeigniter4/framework/system/Commands/Database/Migrate.php(84): CodeIgniter\Database\MigrationRunner->latest(NULL)
#8 /Users/mac/Documents/Fathur/KERJA/MEB/Backend/rest-api/vendor/codeigniter4/framework/system/CLI/Commands.php(65): CodeIgniter\Commands\Database\Migrate->run(Array)
#9 /Users/mac/Documents/Fathur/KERJA/MEB/Backend/rest-api/vendor/codeigniter4/framework/system/CLI/Console.php(46): CodeIgniter\CLI\Commands->run('migrate', Array)
#10 /Users/mac/Documents/Fathur/KERJA/MEB/Backend/rest-api/spark(102): CodeIgniter\CLI\Console->run()
#11 {main}

Next CodeIgniter\Database\Exceptions\DatabaseException: No such file or directory in /Users/mac/Documents/Fathur/KERJA/MEB/Backend/rest-api/vendor/codeigniter4/framework/system/Database/MySQLi/Connection.php:229
Stack trace:
#0 /Users/mac/Documents/Fathur/KERJA/MEB/Backend/rest-api/vendor/codeigniter4/framework/system/Database/BaseConnection.php(392): CodeIgniter\Database\MySQLi\Connection->connect(false)
#1 /Users/mac/Documents/Fathur/KERJA/MEB/Backend/rest-api/vendor/codeigniter4/framework/system/Database/BaseConnection.php(575): CodeIgniter\Database\BaseConnection->initialize()
#2 /Users/mac/Documents/Fathur/KERJA/MEB/Backend/rest-api/vendor/codeigniter4/framework/system/Database/BaseConnection.php(1410): CodeIgniter\Database\BaseConnection->query('SHOW TABLES FRO...')
#3 /Users/mac/Documents/Fathur/KERJA/MEB/Backend/rest-api/vendor/codeigniter4/framework/system/Database/BaseConnection.php(1429): CodeIgniter\Database\BaseConnection->listTables()
#4 /Users/mac/Documents/Fathur/KERJA/MEB/Backend/rest-api/vendor/codeigniter4/framework/system/Database/MigrationRunner.php(757): CodeIgniter\Database\BaseConnection->tableExists('migrations')
#5 /Users/mac/Documents/Fathur/KERJA/MEB/Backend/rest-api/vendor/codeigniter4/framework/system/Database/MigrationRunner.php(161): CodeIgniter\Database\MigrationRunner->ensureTable()
#6 /Users/mac/Documents/Fathur/KERJA/MEB/Backend/rest-api/vendor/codeigniter4/framework/system/Commands/Database/Migrate.php(84): CodeIgniter\Database\MigrationRunner->latest(NULL)
#7 /Users/mac/Documents/Fathur/KERJA/MEB/Backend/rest-api/vendor/codeigniter4/framework/system/CLI/Commands.php(65): CodeIgniter\Commands\Database\Migrate->run(Array)
#8 /Users/mac/Documents/Fathur/KERJA/MEB/Backend/rest-api/vendor/codeigniter4/framework/system/CLI/Console.php(46): CodeIgniter\CLI\Commands->run('migrate', Array)
#9 /Users/mac/Documents/Fathur/KERJA/MEB/Backend/rest-api/spark(102): CodeIgniter\CLI\Console->run()
#10 {main}
ERROR - 2024-06-14 15:10:15 --> Error connecting to the database: mysqli_sql_exception: No such file or directory in /Users/mac/Documents/Fathur/KERJA/MEB/Backend/rest-api/vendor/codeigniter4/framework/system/Database/MySQLi/Connection.php:185
Stack trace:
#0 /Users/mac/Documents/Fathur/KERJA/MEB/Backend/rest-api/vendor/codeigniter4/framework/system/Database/MySQLi/Connection.php(185): mysqli->real_connect('localhost', '', '', '', 3306, '', 0)
#1 /Users/mac/Documents/Fathur/KERJA/MEB/Backend/rest-api/vendor/codeigniter4/framework/system/Database/BaseConnection.php(392): CodeIgniter\Database\MySQLi\Connection->connect(false)
#2 /Users/mac/Documents/Fathur/KERJA/MEB/Backend/rest-api/vendor/codeigniter4/framework/system/Database/BaseConnection.php(575): CodeIgniter\Database\BaseConnection->initialize()
#3 /Users/mac/Documents/Fathur/KERJA/MEB/Backend/rest-api/vendor/codeigniter4/framework/system/Database/BaseConnection.php(1410): CodeIgniter\Database\BaseConnection->query('SHOW TABLES FRO...')
#4 /Users/mac/Documents/Fathur/KERJA/MEB/Backend/rest-api/vendor/codeigniter4/framework/system/Database/BaseConnection.php(1429): CodeIgniter\Database\BaseConnection->listTables()
#5 /Users/mac/Documents/Fathur/KERJA/MEB/Backend/rest-api/vendor/codeigniter4/framework/system/Database/MigrationRunner.php(757): CodeIgniter\Database\BaseConnection->tableExists('migrations')
#6 /Users/mac/Documents/Fathur/KERJA/MEB/Backend/rest-api/vendor/codeigniter4/framework/system/Database/MigrationRunner.php(161): CodeIgniter\Database\MigrationRunner->ensureTable()
#7 /Users/mac/Documents/Fathur/KERJA/MEB/Backend/rest-api/vendor/codeigniter4/framework/system/Commands/Database/Migrate.php(84): CodeIgniter\Database\MigrationRunner->latest(NULL)
#8 /Users/mac/Documents/Fathur/KERJA/MEB/Backend/rest-api/vendor/codeigniter4/framework/system/CLI/Commands.php(65): CodeIgniter\Commands\Database\Migrate->run(Array)
#9 /Users/mac/Documents/Fathur/KERJA/MEB/Backend/rest-api/vendor/codeigniter4/framework/system/CLI/Console.php(46): CodeIgniter\CLI\Commands->run('migrate', Array)
#10 /Users/mac/Documents/Fathur/KERJA/MEB/Backend/rest-api/spark(102): CodeIgniter\CLI\Console->run()
#11 {main}

Next CodeIgniter\Database\Exceptions\DatabaseException: No such file or directory in /Users/mac/Documents/Fathur/KERJA/MEB/Backend/rest-api/vendor/codeigniter4/framework/system/Database/MySQLi/Connection.php:229
Stack trace:
#0 /Users/mac/Documents/Fathur/KERJA/MEB/Backend/rest-api/vendor/codeigniter4/framework/system/Database/BaseConnection.php(392): CodeIgniter\Database\MySQLi\Connection->connect(false)
#1 /Users/mac/Documents/Fathur/KERJA/MEB/Backend/rest-api/vendor/codeigniter4/framework/system/Database/BaseConnection.php(575): CodeIgniter\Database\BaseConnection->initialize()
#2 /Users/mac/Documents/Fathur/KERJA/MEB/Backend/rest-api/vendor/codeigniter4/framework/system/Database/BaseConnection.php(1410): CodeIgniter\Database\BaseConnection->query('SHOW TABLES FRO...')
#3 /Users/mac/Documents/Fathur/KERJA/MEB/Backend/rest-api/vendor/codeigniter4/framework/system/Database/BaseConnection.php(1429): CodeIgniter\Database\BaseConnection->listTables()
#4 /Users/mac/Documents/Fathur/KERJA/MEB/Backend/rest-api/vendor/codeigniter4/framework/system/Database/MigrationRunner.php(757): CodeIgniter\Database\BaseConnection->tableExists('migrations')
#5 /Users/mac/Documents/Fathur/KERJA/MEB/Backend/rest-api/vendor/codeigniter4/framework/system/Database/MigrationRunner.php(161): CodeIgniter\Database\MigrationRunner->ensureTable()
#6 /Users/mac/Documents/Fathur/KERJA/MEB/Backend/rest-api/vendor/codeigniter4/framework/system/Commands/Database/Migrate.php(84): CodeIgniter\Database\MigrationRunner->latest(NULL)
#7 /Users/mac/Documents/Fathur/KERJA/MEB/Backend/rest-api/vendor/codeigniter4/framework/system/CLI/Commands.php(65): CodeIgniter\Commands\Database\Migrate->run(Array)
#8 /Users/mac/Documents/Fathur/KERJA/MEB/Backend/rest-api/vendor/codeigniter4/framework/system/CLI/Console.php(46): CodeIgniter\CLI\Commands->run('migrate', Array)
#9 /Users/mac/Documents/Fathur/KERJA/MEB/Backend/rest-api/spark(102): CodeIgniter\CLI\Console->run()
#10 {main}
ERROR - 2024-06-14 15:11:46 --> Error connecting to the database: mysqli_sql_exception: No such file or directory in /Users/mac/Documents/Fathur/KERJA/MEB/Backend/rest-api/vendor/codeigniter4/framework/system/Database/MySQLi/Connection.php:185
Stack trace:
#0 /Users/mac/Documents/Fathur/KERJA/MEB/Backend/rest-api/vendor/codeigniter4/framework/system/Database/MySQLi/Connection.php(185): mysqli->real_connect('localhost', '', '', '', 3306, '', 0)
#1 /Users/mac/Documents/Fathur/KERJA/MEB/Backend/rest-api/vendor/codeigniter4/framework/system/Database/BaseConnection.php(392): CodeIgniter\Database\MySQLi\Connection->connect(false)
#2 /Users/mac/Documents/Fathur/KERJA/MEB/Backend/rest-api/vendor/codeigniter4/framework/system/Database/BaseConnection.php(575): CodeIgniter\Database\BaseConnection->initialize()
#3 /Users/mac/Documents/Fathur/KERJA/MEB/Backend/rest-api/vendor/codeigniter4/framework/system/Database/BaseConnection.php(1410): CodeIgniter\Database\BaseConnection->query('SHOW TABLES FRO...')
#4 /Users/mac/Documents/Fathur/KERJA/MEB/Backend/rest-api/vendor/codeigniter4/framework/system/Database/BaseConnection.php(1429): CodeIgniter\Database\BaseConnection->listTables()
#5 /Users/mac/Documents/Fathur/KERJA/MEB/Backend/rest-api/vendor/codeigniter4/framework/system/Database/MigrationRunner.php(757): CodeIgniter\Database\BaseConnection->tableExists('migrations')
#6 /Users/mac/Documents/Fathur/KERJA/MEB/Backend/rest-api/vendor/codeigniter4/framework/system/Database/MigrationRunner.php(161): CodeIgniter\Database\MigrationRunner->ensureTable()
#7 /Users/mac/Documents/Fathur/KERJA/MEB/Backend/rest-api/vendor/codeigniter4/framework/system/Commands/Database/Migrate.php(84): CodeIgniter\Database\MigrationRunner->latest(NULL)
#8 /Users/mac/Documents/Fathur/KERJA/MEB/Backend/rest-api/vendor/codeigniter4/framework/system/CLI/Commands.php(65): CodeIgniter\Commands\Database\Migrate->run(Array)
#9 /Users/mac/Documents/Fathur/KERJA/MEB/Backend/rest-api/vendor/codeigniter4/framework/system/CLI/Console.php(46): CodeIgniter\CLI\Commands->run('migrate', Array)
#10 /Users/mac/Documents/Fathur/KERJA/MEB/Backend/rest-api/spark(102): CodeIgniter\CLI\Console->run()
#11 {main}

Next CodeIgniter\Database\Exceptions\DatabaseException: No such file or directory in /Users/mac/Documents/Fathur/KERJA/MEB/Backend/rest-api/vendor/codeigniter4/framework/system/Database/MySQLi/Connection.php:229
Stack trace:
#0 /Users/mac/Documents/Fathur/KERJA/MEB/Backend/rest-api/vendor/codeigniter4/framework/system/Database/BaseConnection.php(392): CodeIgniter\Database\MySQLi\Connection->connect(false)
#1 /Users/mac/Documents/Fathur/KERJA/MEB/Backend/rest-api/vendor/codeigniter4/framework/system/Database/BaseConnection.php(575): CodeIgniter\Database\BaseConnection->initialize()
#2 /Users/mac/Documents/Fathur/KERJA/MEB/Backend/rest-api/vendor/codeigniter4/framework/system/Database/BaseConnection.php(1410): CodeIgniter\Database\BaseConnection->query('SHOW TABLES FRO...')
#3 /Users/mac/Documents/Fathur/KERJA/MEB/Backend/rest-api/vendor/codeigniter4/framework/system/Database/BaseConnection.php(1429): CodeIgniter\Database\BaseConnection->listTables()
#4 /Users/mac/Documents/Fathur/KERJA/MEB/Backend/rest-api/vendor/codeigniter4/framework/system/Database/MigrationRunner.php(757): CodeIgniter\Database\BaseConnection->tableExists('migrations')
#5 /Users/mac/Documents/Fathur/KERJA/MEB/Backend/rest-api/vendor/codeigniter4/framework/system/Database/MigrationRunner.php(161): CodeIgniter\Database\MigrationRunner->ensureTable()
#6 /Users/mac/Documents/Fathur/KERJA/MEB/Backend/rest-api/vendor/codeigniter4/framework/system/Commands/Database/Migrate.php(84): CodeIgniter\Database\MigrationRunner->latest(NULL)
#7 /Users/mac/Documents/Fathur/KERJA/MEB/Backend/rest-api/vendor/codeigniter4/framework/system/CLI/Commands.php(65): CodeIgniter\Commands\Database\Migrate->run(Array)
#8 /Users/mac/Documents/Fathur/KERJA/MEB/Backend/rest-api/vendor/codeigniter4/framework/system/CLI/Console.php(46): CodeIgniter\CLI\Commands->run('migrate', Array)
#9 /Users/mac/Documents/Fathur/KERJA/MEB/Backend/rest-api/spark(102): CodeIgniter\CLI\Console->run()
#10 {main}
ERROR - 2024-06-14 15:12:09 --> Error connecting to the database: mysqli_sql_exception: No such file or directory in /Users/mac/Documents/Fathur/KERJA/MEB/Backend/rest-api/vendor/codeigniter4/framework/system/Database/MySQLi/Connection.php:185
Stack trace:
#0 /Users/mac/Documents/Fathur/KERJA/MEB/Backend/rest-api/vendor/codeigniter4/framework/system/Database/MySQLi/Connection.php(185): mysqli->real_connect('localhost', '', '', '', 3306, '', 0)
#1 /Users/mac/Documents/Fathur/KERJA/MEB/Backend/rest-api/vendor/codeigniter4/framework/system/Database/BaseConnection.php(392): CodeIgniter\Database\MySQLi\Connection->connect(false)
#2 /Users/mac/Documents/Fathur/KERJA/MEB/Backend/rest-api/vendor/codeigniter4/framework/system/Database/BaseConnection.php(575): CodeIgniter\Database\BaseConnection->initialize()
#3 /Users/mac/Documents/Fathur/KERJA/MEB/Backend/rest-api/vendor/codeigniter4/framework/system/Database/BaseConnection.php(1410): CodeIgniter\Database\BaseConnection->query('SHOW TABLES FRO...')
#4 /Users/mac/Documents/Fathur/KERJA/MEB/Backend/rest-api/vendor/codeigniter4/framework/system/Database/BaseConnection.php(1429): CodeIgniter\Database\BaseConnection->listTables()
#5 /Users/mac/Documents/Fathur/KERJA/MEB/Backend/rest-api/vendor/codeigniter4/framework/system/Database/MigrationRunner.php(757): CodeIgniter\Database\BaseConnection->tableExists('migrations')
#6 /Users/mac/Documents/Fathur/KERJA/MEB/Backend/rest-api/vendor/codeigniter4/framework/system/Database/MigrationRunner.php(161): CodeIgniter\Database\MigrationRunner->ensureTable()
#7 /Users/mac/Documents/Fathur/KERJA/MEB/Backend/rest-api/vendor/codeigniter4/framework/system/Commands/Database/Migrate.php(84): CodeIgniter\Database\MigrationRunner->latest(NULL)
#8 /Users/mac/Documents/Fathur/KERJA/MEB/Backend/rest-api/vendor/codeigniter4/framework/system/CLI/Commands.php(65): CodeIgniter\Commands\Database\Migrate->run(Array)
#9 /Users/mac/Documents/Fathur/KERJA/MEB/Backend/rest-api/vendor/codeigniter4/framework/system/CLI/Console.php(46): CodeIgniter\CLI\Commands->run('migrate', Array)
#10 /Users/mac/Documents/Fathur/KERJA/MEB/Backend/rest-api/spark(102): CodeIgniter\CLI\Console->run()
#11 {main}

Next CodeIgniter\Database\Exceptions\DatabaseException: No such file or directory in /Users/mac/Documents/Fathur/KERJA/MEB/Backend/rest-api/vendor/codeigniter4/framework/system/Database/MySQLi/Connection.php:229
Stack trace:
#0 /Users/mac/Documents/Fathur/KERJA/MEB/Backend/rest-api/vendor/codeigniter4/framework/system/Database/BaseConnection.php(392): CodeIgniter\Database\MySQLi\Connection->connect(false)
#1 /Users/mac/Documents/Fathur/KERJA/MEB/Backend/rest-api/vendor/codeigniter4/framework/system/Database/BaseConnection.php(575): CodeIgniter\Database\BaseConnection->initialize()
#2 /Users/mac/Documents/Fathur/KERJA/MEB/Backend/rest-api/vendor/codeigniter4/framework/system/Database/BaseConnection.php(1410): CodeIgniter\Database\BaseConnection->query('SHOW TABLES FRO...')
#3 /Users/mac/Documents/Fathur/KERJA/MEB/Backend/rest-api/vendor/codeigniter4/framework/system/Database/BaseConnection.php(1429): CodeIgniter\Database\BaseConnection->listTables()
#4 /Users/mac/Documents/Fathur/KERJA/MEB/Backend/rest-api/vendor/codeigniter4/framework/system/Database/MigrationRunner.php(757): CodeIgniter\Database\BaseConnection->tableExists('migrations')
#5 /Users/mac/Documents/Fathur/KERJA/MEB/Backend/rest-api/vendor/codeigniter4/framework/system/Database/MigrationRunner.php(161): CodeIgniter\Database\MigrationRunner->ensureTable()
#6 /Users/mac/Documents/Fathur/KERJA/MEB/Backend/rest-api/vendor/codeigniter4/framework/system/Commands/Database/Migrate.php(84): CodeIgniter\Database\MigrationRunner->latest(NULL)
#7 /Users/mac/Documents/Fathur/KERJA/MEB/Backend/rest-api/vendor/codeigniter4/framework/system/CLI/Commands.php(65): CodeIgniter\Commands\Database\Migrate->run(Array)
#8 /Users/mac/Documents/Fathur/KERJA/MEB/Backend/rest-api/vendor/codeigniter4/framework/system/CLI/Console.php(46): CodeIgniter\CLI\Commands->run('migrate', Array)
#9 /Users/mac/Documents/Fathur/KERJA/MEB/Backend/rest-api/spark(102): CodeIgniter\CLI\Console->run()
#10 {main}
ERROR - 2024-06-14 15:12:15 --> Error connecting to the database: mysqli_sql_exception: No such file or directory in /Users/mac/Documents/Fathur/KERJA/MEB/Backend/rest-api/vendor/codeigniter4/framework/system/Database/MySQLi/Connection.php:185
Stack trace:
#0 /Users/mac/Documents/Fathur/KERJA/MEB/Backend/rest-api/vendor/codeigniter4/framework/system/Database/MySQLi/Connection.php(185): mysqli->real_connect('localhost', '', '', '', 3306, '', 0)
#1 /Users/mac/Documents/Fathur/KERJA/MEB/Backend/rest-api/vendor/codeigniter4/framework/system/Database/BaseConnection.php(392): CodeIgniter\Database\MySQLi\Connection->connect(false)
#2 /Users/mac/Documents/Fathur/KERJA/MEB/Backend/rest-api/vendor/codeigniter4/framework/system/Database/BaseConnection.php(575): CodeIgniter\Database\BaseConnection->initialize()
#3 /Users/mac/Documents/Fathur/KERJA/MEB/Backend/rest-api/vendor/codeigniter4/framework/system/Database/BaseConnection.php(1410): CodeIgniter\Database\BaseConnection->query('SHOW TABLES FRO...')
#4 /Users/mac/Documents/Fathur/KERJA/MEB/Backend/rest-api/vendor/codeigniter4/framework/system/Database/BaseConnection.php(1429): CodeIgniter\Database\BaseConnection->listTables()
#5 /Users/mac/Documents/Fathur/KERJA/MEB/Backend/rest-api/vendor/codeigniter4/framework/system/Database/MigrationRunner.php(757): CodeIgniter\Database\BaseConnection->tableExists('migrations')
#6 /Users/mac/Documents/Fathur/KERJA/MEB/Backend/rest-api/vendor/codeigniter4/framework/system/Database/MigrationRunner.php(161): CodeIgniter\Database\MigrationRunner->ensureTable()
#7 /Users/mac/Documents/Fathur/KERJA/MEB/Backend/rest-api/vendor/codeigniter4/framework/system/Commands/Database/Migrate.php(84): CodeIgniter\Database\MigrationRunner->latest(NULL)
#8 /Users/mac/Documents/Fathur/KERJA/MEB/Backend/rest-api/vendor/codeigniter4/framework/system/CLI/Commands.php(65): CodeIgniter\Commands\Database\Migrate->run(Array)
#9 /Users/mac/Documents/Fathur/KERJA/MEB/Backend/rest-api/vendor/codeigniter4/framework/system/CLI/Console.php(46): CodeIgniter\CLI\Commands->run('migrate', Array)
#10 /Users/mac/Documents/Fathur/KERJA/MEB/Backend/rest-api/spark(102): CodeIgniter\CLI\Console->run()
#11 {main}

Next CodeIgniter\Database\Exceptions\DatabaseException: No such file or directory in /Users/mac/Documents/Fathur/KERJA/MEB/Backend/rest-api/vendor/codeigniter4/framework/system/Database/MySQLi/Connection.php:229
Stack trace:
#0 /Users/mac/Documents/Fathur/KERJA/MEB/Backend/rest-api/vendor/codeigniter4/framework/system/Database/BaseConnection.php(392): CodeIgniter\Database\MySQLi\Connection->connect(false)
#1 /Users/mac/Documents/Fathur/KERJA/MEB/Backend/rest-api/vendor/codeigniter4/framework/system/Database/BaseConnection.php(575): CodeIgniter\Database\BaseConnection->initialize()
#2 /Users/mac/Documents/Fathur/KERJA/MEB/Backend/rest-api/vendor/codeigniter4/framework/system/Database/BaseConnection.php(1410): CodeIgniter\Database\BaseConnection->query('SHOW TABLES FRO...')
#3 /Users/mac/Documents/Fathur/KERJA/MEB/Backend/rest-api/vendor/codeigniter4/framework/system/Database/BaseConnection.php(1429): CodeIgniter\Database\BaseConnection->listTables()
#4 /Users/mac/Documents/Fathur/KERJA/MEB/Backend/rest-api/vendor/codeigniter4/framework/system/Database/MigrationRunner.php(757): CodeIgniter\Database\BaseConnection->tableExists('migrations')
#5 /Users/mac/Documents/Fathur/KERJA/MEB/Backend/rest-api/vendor/codeigniter4/framework/system/Database/MigrationRunner.php(161): CodeIgniter\Database\MigrationRunner->ensureTable()
#6 /Users/mac/Documents/Fathur/KERJA/MEB/Backend/rest-api/vendor/codeigniter4/framework/system/Commands/Database/Migrate.php(84): CodeIgniter\Database\MigrationRunner->latest(NULL)
#7 /Users/mac/Documents/Fathur/KERJA/MEB/Backend/rest-api/vendor/codeigniter4/framework/system/CLI/Commands.php(65): CodeIgniter\Commands\Database\Migrate->run(Array)
#8 /Users/mac/Documents/Fathur/KERJA/MEB/Backend/rest-api/vendor/codeigniter4/framework/system/CLI/Console.php(46): CodeIgniter\CLI\Commands->run('migrate', Array)
#9 /Users/mac/Documents/Fathur/KERJA/MEB/Backend/rest-api/spark(102): CodeIgniter\CLI\Console->run()
#10 {main}
ERROR - 2024-06-14 15:13:42 --> Error connecting to the database: mysqli_sql_exception: No such file or directory in /Users/mac/Documents/Fathur/KERJA/MEB/Backend/rest-api/vendor/codeigniter4/framework/system/Database/MySQLi/Connection.php:185
Stack trace:
#0 /Users/mac/Documents/Fathur/KERJA/MEB/Backend/rest-api/vendor/codeigniter4/framework/system/Database/MySQLi/Connection.php(185): mysqli->real_connect('localhost', '', '', '', 3306, '', 0)
#1 /Users/mac/Documents/Fathur/KERJA/MEB/Backend/rest-api/vendor/codeigniter4/framework/system/Database/BaseConnection.php(392): CodeIgniter\Database\MySQLi\Connection->connect(false)
#2 /Users/mac/Documents/Fathur/KERJA/MEB/Backend/rest-api/vendor/codeigniter4/framework/system/Database/BaseConnection.php(575): CodeIgniter\Database\BaseConnection->initialize()
#3 /Users/mac/Documents/Fathur/KERJA/MEB/Backend/rest-api/vendor/codeigniter4/framework/system/Database/BaseConnection.php(1410): CodeIgniter\Database\BaseConnection->query('SHOW TABLES FRO...')
#4 /Users/mac/Documents/Fathur/KERJA/MEB/Backend/rest-api/vendor/codeigniter4/framework/system/Database/BaseConnection.php(1429): CodeIgniter\Database\BaseConnection->listTables()
#5 /Users/mac/Documents/Fathur/KERJA/MEB/Backend/rest-api/vendor/codeigniter4/framework/system/Database/MigrationRunner.php(757): CodeIgniter\Database\BaseConnection->tableExists('migrations')
#6 /Users/mac/Documents/Fathur/KERJA/MEB/Backend/rest-api/vendor/codeigniter4/framework/system/Database/MigrationRunner.php(161): CodeIgniter\Database\MigrationRunner->ensureTable()
#7 /Users/mac/Documents/Fathur/KERJA/MEB/Backend/rest-api/vendor/codeigniter4/framework/system/Commands/Database/Migrate.php(84): CodeIgniter\Database\MigrationRunner->latest(NULL)
#8 /Users/mac/Documents/Fathur/KERJA/MEB/Backend/rest-api/vendor/codeigniter4/framework/system/CLI/Commands.php(65): CodeIgniter\Commands\Database\Migrate->run(Array)
#9 /Users/mac/Documents/Fathur/KERJA/MEB/Backend/rest-api/vendor/codeigniter4/framework/system/CLI/Console.php(46): CodeIgniter\CLI\Commands->run('migrate', Array)
#10 /Users/mac/Documents/Fathur/KERJA/MEB/Backend/rest-api/spark(102): CodeIgniter\CLI\Console->run()
#11 {main}

Next CodeIgniter\Database\Exceptions\DatabaseException: No such file or directory in /Users/mac/Documents/Fathur/KERJA/MEB/Backend/rest-api/vendor/codeigniter4/framework/system/Database/MySQLi/Connection.php:229
Stack trace:
#0 /Users/mac/Documents/Fathur/KERJA/MEB/Backend/rest-api/vendor/codeigniter4/framework/system/Database/BaseConnection.php(392): CodeIgniter\Database\MySQLi\Connection->connect(false)
#1 /Users/mac/Documents/Fathur/KERJA/MEB/Backend/rest-api/vendor/codeigniter4/framework/system/Database/BaseConnection.php(575): CodeIgniter\Database\BaseConnection->initialize()
#2 /Users/mac/Documents/Fathur/KERJA/MEB/Backend/rest-api/vendor/codeigniter4/framework/system/Database/BaseConnection.php(1410): CodeIgniter\Database\BaseConnection->query('SHOW TABLES FRO...')
#3 /Users/mac/Documents/Fathur/KERJA/MEB/Backend/rest-api/vendor/codeigniter4/framework/system/Database/BaseConnection.php(1429): CodeIgniter\Database\BaseConnection->listTables()
#4 /Users/mac/Documents/Fathur/KERJA/MEB/Backend/rest-api/vendor/codeigniter4/framework/system/Database/MigrationRunner.php(757): CodeIgniter\Database\BaseConnection->tableExists('migrations')
#5 /Users/mac/Documents/Fathur/KERJA/MEB/Backend/rest-api/vendor/codeigniter4/framework/system/Database/MigrationRunner.php(161): CodeIgniter\Database\MigrationRunner->ensureTable()
#6 /Users/mac/Documents/Fathur/KERJA/MEB/Backend/rest-api/vendor/codeigniter4/framework/system/Commands/Database/Migrate.php(84): CodeIgniter\Database\MigrationRunner->latest(NULL)
#7 /Users/mac/Documents/Fathur/KERJA/MEB/Backend/rest-api/vendor/codeigniter4/framework/system/CLI/Commands.php(65): CodeIgniter\Commands\Database\Migrate->run(Array)
#8 /Users/mac/Documents/Fathur/KERJA/MEB/Backend/rest-api/vendor/codeigniter4/framework/system/CLI/Console.php(46): CodeIgniter\CLI\Commands->run('migrate', Array)
#9 /Users/mac/Documents/Fathur/KERJA/MEB/Backend/rest-api/spark(102): CodeIgniter\CLI\Console->run()
#10 {main}
ERROR - 2024-06-14 15:14:01 --> Error connecting to the database: mysqli_sql_exception: No such file or directory in /Users/mac/Documents/Fathur/KERJA/MEB/Backend/rest-api/vendor/codeigniter4/framework/system/Database/MySQLi/Connection.php:185
Stack trace:
#0 /Users/mac/Documents/Fathur/KERJA/MEB/Backend/rest-api/vendor/codeigniter4/framework/system/Database/MySQLi/Connection.php(185): mysqli->real_connect('localhost', '', '', '', 3306, '', 0)
#1 /Users/mac/Documents/Fathur/KERJA/MEB/Backend/rest-api/vendor/codeigniter4/framework/system/Database/BaseConnection.php(392): CodeIgniter\Database\MySQLi\Connection->connect(false)
#2 /Users/mac/Documents/Fathur/KERJA/MEB/Backend/rest-api/vendor/codeigniter4/framework/system/Database/BaseConnection.php(575): CodeIgniter\Database\BaseConnection->initialize()
#3 /Users/mac/Documents/Fathur/KERJA/MEB/Backend/rest-api/vendor/codeigniter4/framework/system/Database/BaseConnection.php(1410): CodeIgniter\Database\BaseConnection->query('SHOW TABLES FRO...')
#4 /Users/mac/Documents/Fathur/KERJA/MEB/Backend/rest-api/vendor/codeigniter4/framework/system/Database/BaseConnection.php(1429): CodeIgniter\Database\BaseConnection->listTables()
#5 /Users/mac/Documents/Fathur/KERJA/MEB/Backend/rest-api/vendor/codeigniter4/framework/system/Database/MigrationRunner.php(757): CodeIgniter\Database\BaseConnection->tableExists('migrations')
#6 /Users/mac/Documents/Fathur/KERJA/MEB/Backend/rest-api/vendor/codeigniter4/framework/system/Database/MigrationRunner.php(161): CodeIgniter\Database\MigrationRunner->ensureTable()
#7 /Users/mac/Documents/Fathur/KERJA/MEB/Backend/rest-api/vendor/codeigniter4/framework/system/Commands/Database/Migrate.php(84): CodeIgniter\Database\MigrationRunner->latest(NULL)
#8 /Users/mac/Documents/Fathur/KERJA/MEB/Backend/rest-api/vendor/codeigniter4/framework/system/CLI/Commands.php(65): CodeIgniter\Commands\Database\Migrate->run(Array)
#9 /Users/mac/Documents/Fathur/KERJA/MEB/Backend/rest-api/vendor/codeigniter4/framework/system/CLI/Console.php(46): CodeIgniter\CLI\Commands->run('migrate', Array)
#10 /Users/mac/Documents/Fathur/KERJA/MEB/Backend/rest-api/spark(102): CodeIgniter\CLI\Console->run()
#11 {main}

Next CodeIgniter\Database\Exceptions\DatabaseException: No such file or directory in /Users/mac/Documents/Fathur/KERJA/MEB/Backend/rest-api/vendor/codeigniter4/framework/system/Database/MySQLi/Connection.php:229
Stack trace:
#0 /Users/mac/Documents/Fathur/KERJA/MEB/Backend/rest-api/vendor/codeigniter4/framework/system/Database/BaseConnection.php(392): CodeIgniter\Database\MySQLi\Connection->connect(false)
#1 /Users/mac/Documents/Fathur/KERJA/MEB/Backend/rest-api/vendor/codeigniter4/framework/system/Database/BaseConnection.php(575): CodeIgniter\Database\BaseConnection->initialize()
#2 /Users/mac/Documents/Fathur/KERJA/MEB/Backend/rest-api/vendor/codeigniter4/framework/system/Database/BaseConnection.php(1410): CodeIgniter\Database\BaseConnection->query('SHOW TABLES FRO...')
#3 /Users/mac/Documents/Fathur/KERJA/MEB/Backend/rest-api/vendor/codeigniter4/framework/system/Database/BaseConnection.php(1429): CodeIgniter\Database\BaseConnection->listTables()
#4 /Users/mac/Documents/Fathur/KERJA/MEB/Backend/rest-api/vendor/codeigniter4/framework/system/Database/MigrationRunner.php(757): CodeIgniter\Database\BaseConnection->tableExists('migrations')
#5 /Users/mac/Documents/Fathur/KERJA/MEB/Backend/rest-api/vendor/codeigniter4/framework/system/Database/MigrationRunner.php(161): CodeIgniter\Database\MigrationRunner->ensureTable()
#6 /Users/mac/Documents/Fathur/KERJA/MEB/Backend/rest-api/vendor/codeigniter4/framework/system/Commands/Database/Migrate.php(84): CodeIgniter\Database\MigrationRunner->latest(NULL)
#7 /Users/mac/Documents/Fathur/KERJA/MEB/Backend/rest-api/vendor/codeigniter4/framework/system/CLI/Commands.php(65): CodeIgniter\Commands\Database\Migrate->run(Array)
#8 /Users/mac/Documents/Fathur/KERJA/MEB/Backend/rest-api/vendor/codeigniter4/framework/system/CLI/Console.php(46): CodeIgniter\CLI\Commands->run('migrate', Array)
#9 /Users/mac/Documents/Fathur/KERJA/MEB/Backend/rest-api/spark(102): CodeIgniter\CLI\Console->run()
#10 {main}
ERROR - 2024-06-14 15:14:11 --> Error connecting to the database: mysqli_sql_exception: No such file or directory in /Users/mac/Documents/Fathur/KERJA/MEB/Backend/rest-api/vendor/codeigniter4/framework/system/Database/MySQLi/Connection.php:185
Stack trace:
#0 /Users/mac/Documents/Fathur/KERJA/MEB/Backend/rest-api/vendor/codeigniter4/framework/system/Database/MySQLi/Connection.php(185): mysqli->real_connect('localhost', '', '', '', 3306, '', 0)
#1 /Users/mac/Documents/Fathur/KERJA/MEB/Backend/rest-api/vendor/codeigniter4/framework/system/Database/BaseConnection.php(392): CodeIgniter\Database\MySQLi\Connection->connect(false)
#2 /Users/mac/Documents/Fathur/KERJA/MEB/Backend/rest-api/vendor/codeigniter4/framework/system/Database/BaseConnection.php(575): CodeIgniter\Database\BaseConnection->initialize()
#3 /Users/mac/Documents/Fathur/KERJA/MEB/Backend/rest-api/vendor/codeigniter4/framework/system/Database/BaseConnection.php(1410): CodeIgniter\Database\BaseConnection->query('SHOW TABLES FRO...')
#4 /Users/mac/Documents/Fathur/KERJA/MEB/Backend/rest-api/vendor/codeigniter4/framework/system/Database/BaseConnection.php(1429): CodeIgniter\Database\BaseConnection->listTables()
#5 /Users/mac/Documents/Fathur/KERJA/MEB/Backend/rest-api/vendor/codeigniter4/framework/system/Database/MigrationRunner.php(757): CodeIgniter\Database\BaseConnection->tableExists('migrations')
#6 /Users/mac/Documents/Fathur/KERJA/MEB/Backend/rest-api/vendor/codeigniter4/framework/system/Database/MigrationRunner.php(161): CodeIgniter\Database\MigrationRunner->ensureTable()
#7 /Users/mac/Documents/Fathur/KERJA/MEB/Backend/rest-api/vendor/codeigniter4/framework/system/Commands/Database/Migrate.php(84): CodeIgniter\Database\MigrationRunner->latest(NULL)
#8 /Users/mac/Documents/Fathur/KERJA/MEB/Backend/rest-api/vendor/codeigniter4/framework/system/CLI/Commands.php(65): CodeIgniter\Commands\Database\Migrate->run(Array)
#9 /Users/mac/Documents/Fathur/KERJA/MEB/Backend/rest-api/vendor/codeigniter4/framework/system/CLI/Console.php(46): CodeIgniter\CLI\Commands->run('migrate', Array)
#10 /Users/mac/Documents/Fathur/KERJA/MEB/Backend/rest-api/spark(102): CodeIgniter\CLI\Console->run()
#11 {main}

Next CodeIgniter\Database\Exceptions\DatabaseException: No such file or directory in /Users/mac/Documents/Fathur/KERJA/MEB/Backend/rest-api/vendor/codeigniter4/framework/system/Database/MySQLi/Connection.php:229
Stack trace:
#0 /Users/mac/Documents/Fathur/KERJA/MEB/Backend/rest-api/vendor/codeigniter4/framework/system/Database/BaseConnection.php(392): CodeIgniter\Database\MySQLi\Connection->connect(false)
#1 /Users/mac/Documents/Fathur/KERJA/MEB/Backend/rest-api/vendor/codeigniter4/framework/system/Database/BaseConnection.php(575): CodeIgniter\Database\BaseConnection->initialize()
#2 /Users/mac/Documents/Fathur/KERJA/MEB/Backend/rest-api/vendor/codeigniter4/framework/system/Database/BaseConnection.php(1410): CodeIgniter\Database\BaseConnection->query('SHOW TABLES FRO...')
#3 /Users/mac/Documents/Fathur/KERJA/MEB/Backend/rest-api/vendor/codeigniter4/framework/system/Database/BaseConnection.php(1429): CodeIgniter\Database\BaseConnection->listTables()
#4 /Users/mac/Documents/Fathur/KERJA/MEB/Backend/rest-api/vendor/codeigniter4/framework/system/Database/MigrationRunner.php(757): CodeIgniter\Database\BaseConnection->tableExists('migrations')
#5 /Users/mac/Documents/Fathur/KERJA/MEB/Backend/rest-api/vendor/codeigniter4/framework/system/Database/MigrationRunner.php(161): CodeIgniter\Database\MigrationRunner->ensureTable()
#6 /Users/mac/Documents/Fathur/KERJA/MEB/Backend/rest-api/vendor/codeigniter4/framework/system/Commands/Database/Migrate.php(84): CodeIgniter\Database\MigrationRunner->latest(NULL)
#7 /Users/mac/Documents/Fathur/KERJA/MEB/Backend/rest-api/vendor/codeigniter4/framework/system/CLI/Commands.php(65): CodeIgniter\Commands\Database\Migrate->run(Array)
#8 /Users/mac/Documents/Fathur/KERJA/MEB/Backend/rest-api/vendor/codeigniter4/framework/system/CLI/Console.php(46): CodeIgniter\CLI\Commands->run('migrate', Array)
#9 /Users/mac/Documents/Fathur/KERJA/MEB/Backend/rest-api/spark(102): CodeIgniter\CLI\Console->run()
#10 {main}
ERROR - 2024-06-14 15:19:41 --> Error connecting to the database: mysqli_sql_exception: No such file or directory in /Users/mac/Documents/Fathur/KERJA/MEB/Backend/rest-api/vendor/codeigniter4/framework/system/Database/MySQLi/Connection.php:185
Stack trace:
#0 /Users/mac/Documents/Fathur/KERJA/MEB/Backend/rest-api/vendor/codeigniter4/framework/system/Database/MySQLi/Connection.php(185): mysqli->real_connect('localhost', 'root', '', 'db_automation', 3306, '', 0)
#1 /Users/mac/Documents/Fathur/KERJA/MEB/Backend/rest-api/vendor/codeigniter4/framework/system/Database/BaseConnection.php(392): CodeIgniter\Database\MySQLi\Connection->connect(false)
#2 /Users/mac/Documents/Fathur/KERJA/MEB/Backend/rest-api/vendor/codeigniter4/framework/system/Database/BaseConnection.php(575): CodeIgniter\Database\BaseConnection->initialize()
#3 /Users/mac/Documents/Fathur/KERJA/MEB/Backend/rest-api/vendor/codeigniter4/framework/system/Database/BaseConnection.php(1410): CodeIgniter\Database\BaseConnection->query('SHOW TABLES FRO...')
#4 /Users/mac/Documents/Fathur/KERJA/MEB/Backend/rest-api/vendor/codeigniter4/framework/system/Database/BaseConnection.php(1429): CodeIgniter\Database\BaseConnection->listTables()
#5 /Users/mac/Documents/Fathur/KERJA/MEB/Backend/rest-api/vendor/codeigniter4/framework/system/Database/MigrationRunner.php(757): CodeIgniter\Database\BaseConnection->tableExists('migrations')
#6 /Users/mac/Documents/Fathur/KERJA/MEB/Backend/rest-api/vendor/codeigniter4/framework/system/Database/MigrationRunner.php(161): CodeIgniter\Database\MigrationRunner->ensureTable()
#7 /Users/mac/Documents/Fathur/KERJA/MEB/Backend/rest-api/vendor/codeigniter4/framework/system/Commands/Database/Migrate.php(84): CodeIgniter\Database\MigrationRunner->latest(NULL)
#8 /Users/mac/Documents/Fathur/KERJA/MEB/Backend/rest-api/vendor/codeigniter4/framework/system/CLI/Commands.php(65): CodeIgniter\Commands\Database\Migrate->run(Array)
#9 /Users/mac/Documents/Fathur/KERJA/MEB/Backend/rest-api/vendor/codeigniter4/framework/system/CLI/Console.php(46): CodeIgniter\CLI\Commands->run('migrate', Array)
#10 /Users/mac/Documents/Fathur/KERJA/MEB/Backend/rest-api/spark(102): CodeIgniter\CLI\Console->run()
#11 {main}

Next CodeIgniter\Database\Exceptions\DatabaseException: No such file or directory in /Users/mac/Documents/Fathur/KERJA/MEB/Backend/rest-api/vendor/codeigniter4/framework/system/Database/MySQLi/Connection.php:229
Stack trace:
#0 /Users/mac/Documents/Fathur/KERJA/MEB/Backend/rest-api/vendor/codeigniter4/framework/system/Database/BaseConnection.php(392): CodeIgniter\Database\MySQLi\Connection->connect(false)
#1 /Users/mac/Documents/Fathur/KERJA/MEB/Backend/rest-api/vendor/codeigniter4/framework/system/Database/BaseConnection.php(575): CodeIgniter\Database\BaseConnection->initialize()
#2 /Users/mac/Documents/Fathur/KERJA/MEB/Backend/rest-api/vendor/codeigniter4/framework/system/Database/BaseConnection.php(1410): CodeIgniter\Database\BaseConnection->query('SHOW TABLES FRO...')
#3 /Users/mac/Documents/Fathur/KERJA/MEB/Backend/rest-api/vendor/codeigniter4/framework/system/Database/BaseConnection.php(1429): CodeIgniter\Database\BaseConnection->listTables()
#4 /Users/mac/Documents/Fathur/KERJA/MEB/Backend/rest-api/vendor/codeigniter4/framework/system/Database/MigrationRunner.php(757): CodeIgniter\Database\BaseConnection->tableExists('migrations')
#5 /Users/mac/Documents/Fathur/KERJA/MEB/Backend/rest-api/vendor/codeigniter4/framework/system/Database/MigrationRunner.php(161): CodeIgniter\Database\MigrationRunner->ensureTable()
#6 /Users/mac/Documents/Fathur/KERJA/MEB/Backend/rest-api/vendor/codeigniter4/framework/system/Commands/Database/Migrate.php(84): CodeIgniter\Database\MigrationRunner->latest(NULL)
#7 /Users/mac/Documents/Fathur/KERJA/MEB/Backend/rest-api/vendor/codeigniter4/framework/system/CLI/Commands.php(65): CodeIgniter\Commands\Database\Migrate->run(Array)
#8 /Users/mac/Documents/Fathur/KERJA/MEB/Backend/rest-api/vendor/codeigniter4/framework/system/CLI/Console.php(46): CodeIgniter\CLI\Commands->run('migrate', Array)
#9 /Users/mac/Documents/Fathur/KERJA/MEB/Backend/rest-api/spark(102): CodeIgniter\CLI\Console->run()
#10 {main}
ERROR - 2024-06-14 15:20:52 --> Error connecting to the database: ErrorException: mysqli::real_connect(): php_network_getaddresses: getaddrinfo failed: nodename nor servname provided, or not known in /Users/mac/Documents/Fathur/KERJA/MEB/Backend/rest-api/vendor/codeigniter4/framework/system/Database/MySQLi/Connection.php:185
Stack trace:
#0 [internal function]: CodeIgniter\Debug\Exceptions->errorHandler(2, 'mysqli::real_co...', '/Users/mac/Docu...', 185, Array)
#1 /Users/mac/Documents/Fathur/KERJA/MEB/Backend/rest-api/vendor/codeigniter4/framework/system/Database/MySQLi/Connection.php(185): mysqli->real_connect('mysql', 'root', '', 'db_automation', 3306, '', 0)
#2 /Users/mac/Documents/Fathur/KERJA/MEB/Backend/rest-api/vendor/codeigniter4/framework/system/Database/BaseConnection.php(392): CodeIgniter\Database\MySQLi\Connection->connect(false)
#3 /Users/mac/Documents/Fathur/KERJA/MEB/Backend/rest-api/vendor/codeigniter4/framework/system/Database/BaseConnection.php(575): CodeIgniter\Database\BaseConnection->initialize()
#4 /Users/mac/Documents/Fathur/KERJA/MEB/Backend/rest-api/vendor/codeigniter4/framework/system/Database/BaseConnection.php(1410): CodeIgniter\Database\BaseConnection->query('SHOW TABLES FRO...')
#5 /Users/mac/Documents/Fathur/KERJA/MEB/Backend/rest-api/vendor/codeigniter4/framework/system/Database/BaseConnection.php(1429): CodeIgniter\Database\BaseConnection->listTables()
#6 /Users/mac/Documents/Fathur/KERJA/MEB/Backend/rest-api/vendor/codeigniter4/framework/system/Database/MigrationRunner.php(757): CodeIgniter\Database\BaseConnection->tableExists('migrations')
#7 /Users/mac/Documents/Fathur/KERJA/MEB/Backend/rest-api/vendor/codeigniter4/framework/system/Database/MigrationRunner.php(161): CodeIgniter\Database\MigrationRunner->ensureTable()
#8 /Users/mac/Documents/Fathur/KERJA/MEB/Backend/rest-api/vendor/codeigniter4/framework/system/Commands/Database/Migrate.php(84): CodeIgniter\Database\MigrationRunner->latest(NULL)
#9 /Users/mac/Documents/Fathur/KERJA/MEB/Backend/rest-api/vendor/codeigniter4/framework/system/CLI/Commands.php(65): CodeIgniter\Commands\Database\Migrate->run(Array)
#10 /Users/mac/Documents/Fathur/KERJA/MEB/Backend/rest-api/vendor/codeigniter4/framework/system/CLI/Console.php(46): CodeIgniter\CLI\Commands->run('migrate', Array)
#11 /Users/mac/Documents/Fathur/KERJA/MEB/Backend/rest-api/spark(102): CodeIgniter\CLI\Console->run()
#12 {main}

Next mysqli_sql_exception: php_network_getaddresses: getaddrinfo failed: nodename nor servname provided, or not known in /Users/mac/Documents/Fathur/KERJA/MEB/Backend/rest-api/vendor/codeigniter4/framework/system/Database/MySQLi/Connection.php:185
Stack trace:
#0 /Users/mac/Documents/Fathur/KERJA/MEB/Backend/rest-api/vendor/codeigniter4/framework/system/Database/MySQLi/Connection.php(185): mysqli->real_connect('mysql', 'root', '', 'db_automation', 3306, '', 0)
#1 /Users/mac/Documents/Fathur/KERJA/MEB/Backend/rest-api/vendor/codeigniter4/framework/system/Database/BaseConnection.php(392): CodeIgniter\Database\MySQLi\Connection->connect(false)
#2 /Users/mac/Documents/Fathur/KERJA/MEB/Backend/rest-api/vendor/codeigniter4/framework/system/Database/BaseConnection.php(575): CodeIgniter\Database\BaseConnection->initialize()
#3 /Users/mac/Documents/Fathur/KERJA/MEB/Backend/rest-api/vendor/codeigniter4/framework/system/Database/BaseConnection.php(1410): CodeIgniter\Database\BaseConnection->query('SHOW TABLES FRO...')
#4 /Users/mac/Documents/Fathur/KERJA/MEB/Backend/rest-api/vendor/codeigniter4/framework/system/Database/BaseConnection.php(1429): CodeIgniter\Database\BaseConnection->listTables()
#5 /Users/mac/Documents/Fathur/KERJA/MEB/Backend/rest-api/vendor/codeigniter4/framework/system/Database/MigrationRunner.php(757): CodeIgniter\Database\BaseConnection->tableExists('migrations')
#6 /Users/mac/Documents/Fathur/KERJA/MEB/Backend/rest-api/vendor/codeigniter4/framework/system/Database/MigrationRunner.php(161): CodeIgniter\Database\MigrationRunner->ensureTable()
#7 /Users/mac/Documents/Fathur/KERJA/MEB/Backend/rest-api/vendor/codeigniter4/framework/system/Commands/Database/Migrate.php(84): CodeIgniter\Database\MigrationRunner->latest(NULL)
#8 /Users/mac/Documents/Fathur/KERJA/MEB/Backend/rest-api/vendor/codeigniter4/framework/system/CLI/Commands.php(65): CodeIgniter\Commands\Database\Migrate->run(Array)
#9 /Users/mac/Documents/Fathur/KERJA/MEB/Backend/rest-api/vendor/codeigniter4/framework/system/CLI/Console.php(46): CodeIgniter\CLI\Commands->run('migrate', Array)
#10 /Users/mac/Documents/Fathur/KERJA/MEB/Backend/rest-api/spark(102): CodeIgniter\CLI\Console->run()
#11 {main}

Next CodeIgniter\Database\Exceptions\DatabaseException: php_network_getaddresses: getaddrinfo failed: nodename nor servname provided, or not known in /Users/mac/Documents/Fathur/KERJA/MEB/Backend/rest-api/vendor/codeigniter4/framework/system/Database/MySQLi/Connection.php:229
Stack trace:
#0 /Users/mac/Documents/Fathur/KERJA/MEB/Backend/rest-api/vendor/codeigniter4/framework/system/Database/BaseConnection.php(392): CodeIgniter\Database\MySQLi\Connection->connect(false)
#1 /Users/mac/Documents/Fathur/KERJA/MEB/Backend/rest-api/vendor/codeigniter4/framework/system/Database/BaseConnection.php(575): CodeIgniter\Database\BaseConnection->initialize()
#2 /Users/mac/Documents/Fathur/KERJA/MEB/Backend/rest-api/vendor/codeigniter4/framework/system/Database/BaseConnection.php(1410): CodeIgniter\Database\BaseConnection->query('SHOW TABLES FRO...')
#3 /Users/mac/Documents/Fathur/KERJA/MEB/Backend/rest-api/vendor/codeigniter4/framework/system/Database/BaseConnection.php(1429): CodeIgniter\Database\BaseConnection->listTables()
#4 /Users/mac/Documents/Fathur/KERJA/MEB/Backend/rest-api/vendor/codeigniter4/framework/system/Database/MigrationRunner.php(757): CodeIgniter\Database\BaseConnection->tableExists('migrations')
#5 /Users/mac/Documents/Fathur/KERJA/MEB/Backend/rest-api/vendor/codeigniter4/framework/system/Database/MigrationRunner.php(161): CodeIgniter\Database\MigrationRunner->ensureTable()
#6 /Users/mac/Documents/Fathur/KERJA/MEB/Backend/rest-api/vendor/codeigniter4/framework/system/Commands/Database/Migrate.php(84): CodeIgniter\Database\MigrationRunner->latest(NULL)
#7 /Users/mac/Documents/Fathur/KERJA/MEB/Backend/rest-api/vendor/codeigniter4/framework/system/CLI/Commands.php(65): CodeIgniter\Commands\Database\Migrate->run(Array)
#8 /Users/mac/Documents/Fathur/KERJA/MEB/Backend/rest-api/vendor/codeigniter4/framework/system/CLI/Console.php(46): CodeIgniter\CLI\Commands->run('migrate', Array)
#9 /Users/mac/Documents/Fathur/KERJA/MEB/Backend/rest-api/spark(102): CodeIgniter\CLI\Console->run()
#10 {main}
ERROR - 2024-06-14 15:21:05 --> Error connecting to the database: mysqli_sql_exception: No such file or directory in /Users/mac/Documents/Fathur/KERJA/MEB/Backend/rest-api/vendor/codeigniter4/framework/system/Database/MySQLi/Connection.php:185
Stack trace:
#0 /Users/mac/Documents/Fathur/KERJA/MEB/Backend/rest-api/vendor/codeigniter4/framework/system/Database/MySQLi/Connection.php(185): mysqli->real_connect('localhost', 'root', '', 'db_automation', 3306, '', 0)
#1 /Users/mac/Documents/Fathur/KERJA/MEB/Backend/rest-api/vendor/codeigniter4/framework/system/Database/BaseConnection.php(392): CodeIgniter\Database\MySQLi\Connection->connect(false)
#2 /Users/mac/Documents/Fathur/KERJA/MEB/Backend/rest-api/vendor/codeigniter4/framework/system/Database/BaseConnection.php(575): CodeIgniter\Database\BaseConnection->initialize()
#3 /Users/mac/Documents/Fathur/KERJA/MEB/Backend/rest-api/vendor/codeigniter4/framework/system/Database/BaseConnection.php(1410): CodeIgniter\Database\BaseConnection->query('SHOW TABLES FRO...')
#4 /Users/mac/Documents/Fathur/KERJA/MEB/Backend/rest-api/vendor/codeigniter4/framework/system/Database/BaseConnection.php(1429): CodeIgniter\Database\BaseConnection->listTables()
#5 /Users/mac/Documents/Fathur/KERJA/MEB/Backend/rest-api/vendor/codeigniter4/framework/system/Database/MigrationRunner.php(757): CodeIgniter\Database\BaseConnection->tableExists('migrations')
#6 /Users/mac/Documents/Fathur/KERJA/MEB/Backend/rest-api/vendor/codeigniter4/framework/system/Database/MigrationRunner.php(161): CodeIgniter\Database\MigrationRunner->ensureTable()
#7 /Users/mac/Documents/Fathur/KERJA/MEB/Backend/rest-api/vendor/codeigniter4/framework/system/Commands/Database/Migrate.php(84): CodeIgniter\Database\MigrationRunner->latest(NULL)
#8 /Users/mac/Documents/Fathur/KERJA/MEB/Backend/rest-api/vendor/codeigniter4/framework/system/CLI/Commands.php(65): CodeIgniter\Commands\Database\Migrate->run(Array)
#9 /Users/mac/Documents/Fathur/KERJA/MEB/Backend/rest-api/vendor/codeigniter4/framework/system/CLI/Console.php(46): CodeIgniter\CLI\Commands->run('migrate', Array)
#10 /Users/mac/Documents/Fathur/KERJA/MEB/Backend/rest-api/spark(102): CodeIgniter\CLI\Console->run()
#11 {main}

Next CodeIgniter\Database\Exceptions\DatabaseException: No such file or directory in /Users/mac/Documents/Fathur/KERJA/MEB/Backend/rest-api/vendor/codeigniter4/framework/system/Database/MySQLi/Connection.php:229
Stack trace:
#0 /Users/mac/Documents/Fathur/KERJA/MEB/Backend/rest-api/vendor/codeigniter4/framework/system/Database/BaseConnection.php(392): CodeIgniter\Database\MySQLi\Connection->connect(false)
#1 /Users/mac/Documents/Fathur/KERJA/MEB/Backend/rest-api/vendor/codeigniter4/framework/system/Database/BaseConnection.php(575): CodeIgniter\Database\BaseConnection->initialize()
#2 /Users/mac/Documents/Fathur/KERJA/MEB/Backend/rest-api/vendor/codeigniter4/framework/system/Database/BaseConnection.php(1410): CodeIgniter\Database\BaseConnection->query('SHOW TABLES FRO...')
#3 /Users/mac/Documents/Fathur/KERJA/MEB/Backend/rest-api/vendor/codeigniter4/framework/system/Database/BaseConnection.php(1429): CodeIgniter\Database\BaseConnection->listTables()
#4 /Users/mac/Documents/Fathur/KERJA/MEB/Backend/rest-api/vendor/codeigniter4/framework/system/Database/MigrationRunner.php(757): CodeIgniter\Database\BaseConnection->tableExists('migrations')
#5 /Users/mac/Documents/Fathur/KERJA/MEB/Backend/rest-api/vendor/codeigniter4/framework/system/Database/MigrationRunner.php(161): CodeIgniter\Database\MigrationRunner->ensureTable()
#6 /Users/mac/Documents/Fathur/KERJA/MEB/Backend/rest-api/vendor/codeigniter4/framework/system/Commands/Database/Migrate.php(84): CodeIgniter\Database\MigrationRunner->latest(NULL)
#7 /Users/mac/Documents/Fathur/KERJA/MEB/Backend/rest-api/vendor/codeigniter4/framework/system/CLI/Commands.php(65): CodeIgniter\Commands\Database\Migrate->run(Array)
#8 /Users/mac/Documents/Fathur/KERJA/MEB/Backend/rest-api/vendor/codeigniter4/framework/system/CLI/Console.php(46): CodeIgniter\CLI\Commands->run('migrate', Array)
#9 /Users/mac/Documents/Fathur/KERJA/MEB/Backend/rest-api/spark(102): CodeIgniter\CLI\Console->run()
#10 {main}
ERROR - 2024-06-14 15:21:55 --> Error connecting to the database: mysqli_sql_exception: No such file or directory in /Users/mac/Documents/Fathur/KERJA/MEB/Backend/rest-api/vendor/codeigniter4/framework/system/Database/MySQLi/Connection.php:185
Stack trace:
#0 /Users/mac/Documents/Fathur/KERJA/MEB/Backend/rest-api/vendor/codeigniter4/framework/system/Database/MySQLi/Connection.php(185): mysqli->real_connect('localhost', 'root', '', 'db_automation', 3306, '', 0)
#1 /Users/mac/Documents/Fathur/KERJA/MEB/Backend/rest-api/vendor/codeigniter4/framework/system/Database/BaseConnection.php(392): CodeIgniter\Database\MySQLi\Connection->connect(false)
#2 /Users/mac/Documents/Fathur/KERJA/MEB/Backend/rest-api/vendor/codeigniter4/framework/system/Database/BaseConnection.php(575): CodeIgniter\Database\BaseConnection->initialize()
#3 /Users/mac/Documents/Fathur/KERJA/MEB/Backend/rest-api/vendor/codeigniter4/framework/system/Database/BaseConnection.php(1410): CodeIgniter\Database\BaseConnection->query('SHOW TABLES FRO...')
#4 /Users/mac/Documents/Fathur/KERJA/MEB/Backend/rest-api/vendor/codeigniter4/framework/system/Database/BaseConnection.php(1429): CodeIgniter\Database\BaseConnection->listTables()
#5 /Users/mac/Documents/Fathur/KERJA/MEB/Backend/rest-api/vendor/codeigniter4/framework/system/Database/MigrationRunner.php(757): CodeIgniter\Database\BaseConnection->tableExists('migrations')
#6 /Users/mac/Documents/Fathur/KERJA/MEB/Backend/rest-api/vendor/codeigniter4/framework/system/Database/MigrationRunner.php(161): CodeIgniter\Database\MigrationRunner->ensureTable()
#7 /Users/mac/Documents/Fathur/KERJA/MEB/Backend/rest-api/vendor/codeigniter4/framework/system/Commands/Database/Migrate.php(84): CodeIgniter\Database\MigrationRunner->latest(NULL)
#8 /Users/mac/Documents/Fathur/KERJA/MEB/Backend/rest-api/vendor/codeigniter4/framework/system/CLI/Commands.php(65): CodeIgniter\Commands\Database\Migrate->run(Array)
#9 /Users/mac/Documents/Fathur/KERJA/MEB/Backend/rest-api/vendor/codeigniter4/framework/system/CLI/Console.php(46): CodeIgniter\CLI\Commands->run('migrate', Array)
#10 /Users/mac/Documents/Fathur/KERJA/MEB/Backend/rest-api/spark(102): CodeIgniter\CLI\Console->run()
#11 {main}

Next CodeIgniter\Database\Exceptions\DatabaseException: No such file or directory in /Users/mac/Documents/Fathur/KERJA/MEB/Backend/rest-api/vendor/codeigniter4/framework/system/Database/MySQLi/Connection.php:229
Stack trace:
#0 /Users/mac/Documents/Fathur/KERJA/MEB/Backend/rest-api/vendor/codeigniter4/framework/system/Database/BaseConnection.php(392): CodeIgniter\Database\MySQLi\Connection->connect(false)
#1 /Users/mac/Documents/Fathur/KERJA/MEB/Backend/rest-api/vendor/codeigniter4/framework/system/Database/BaseConnection.php(575): CodeIgniter\Database\BaseConnection->initialize()
#2 /Users/mac/Documents/Fathur/KERJA/MEB/Backend/rest-api/vendor/codeigniter4/framework/system/Database/BaseConnection.php(1410): CodeIgniter\Database\BaseConnection->query('SHOW TABLES FRO...')
#3 /Users/mac/Documents/Fathur/KERJA/MEB/Backend/rest-api/vendor/codeigniter4/framework/system/Database/BaseConnection.php(1429): CodeIgniter\Database\BaseConnection->listTables()
#4 /Users/mac/Documents/Fathur/KERJA/MEB/Backend/rest-api/vendor/codeigniter4/framework/system/Database/MigrationRunner.php(757): CodeIgniter\Database\BaseConnection->tableExists('migrations')
#5 /Users/mac/Documents/Fathur/KERJA/MEB/Backend/rest-api/vendor/codeigniter4/framework/system/Database/MigrationRunner.php(161): CodeIgniter\Database\MigrationRunner->ensureTable()
#6 /Users/mac/Documents/Fathur/KERJA/MEB/Backend/rest-api/vendor/codeigniter4/framework/system/Commands/Database/Migrate.php(84): CodeIgniter\Database\MigrationRunner->latest(NULL)
#7 /Users/mac/Documents/Fathur/KERJA/MEB/Backend/rest-api/vendor/codeigniter4/framework/system/CLI/Commands.php(65): CodeIgniter\Commands\Database\Migrate->run(Array)
#8 /Users/mac/Documents/Fathur/KERJA/MEB/Backend/rest-api/vendor/codeigniter4/framework/system/CLI/Console.php(46): CodeIgniter\CLI\Commands->run('migrate', Array)
#9 /Users/mac/Documents/Fathur/KERJA/MEB/Backend/rest-api/spark(102): CodeIgniter\CLI\Console->run()
#10 {main}
ERROR - 2024-06-14 15:23:31 --> Error connecting to the database: mysqli_sql_exception: No such file or directory in /Users/mac/Documents/Fathur/KERJA/MEB/Backend/rest-api/vendor/codeigniter4/framework/system/Database/MySQLi/Connection.php:185
Stack trace:
#0 /Users/mac/Documents/Fathur/KERJA/MEB/Backend/rest-api/vendor/codeigniter4/framework/system/Database/MySQLi/Connection.php(185): mysqli->real_connect('localhost', 'root', '', 'db_automation', 3306, '', 0)
#1 /Users/mac/Documents/Fathur/KERJA/MEB/Backend/rest-api/vendor/codeigniter4/framework/system/Database/BaseConnection.php(392): CodeIgniter\Database\MySQLi\Connection->connect(false)
#2 /Users/mac/Documents/Fathur/KERJA/MEB/Backend/rest-api/vendor/codeigniter4/framework/system/Database/BaseConnection.php(575): CodeIgniter\Database\BaseConnection->initialize()
#3 /Users/mac/Documents/Fathur/KERJA/MEB/Backend/rest-api/vendor/codeigniter4/framework/system/Database/BaseConnection.php(1410): CodeIgniter\Database\BaseConnection->query('SHOW TABLES FRO...')
#4 /Users/mac/Documents/Fathur/KERJA/MEB/Backend/rest-api/vendor/codeigniter4/framework/system/Database/BaseConnection.php(1429): CodeIgniter\Database\BaseConnection->listTables()
#5 /Users/mac/Documents/Fathur/KERJA/MEB/Backend/rest-api/vendor/codeigniter4/framework/system/Database/MigrationRunner.php(757): CodeIgniter\Database\BaseConnection->tableExists('migrations')
#6 /Users/mac/Documents/Fathur/KERJA/MEB/Backend/rest-api/vendor/codeigniter4/framework/system/Database/MigrationRunner.php(161): CodeIgniter\Database\MigrationRunner->ensureTable()
#7 /Users/mac/Documents/Fathur/KERJA/MEB/Backend/rest-api/vendor/codeigniter4/framework/system/Commands/Database/Migrate.php(84): CodeIgniter\Database\MigrationRunner->latest(NULL)
#8 /Users/mac/Documents/Fathur/KERJA/MEB/Backend/rest-api/vendor/codeigniter4/framework/system/CLI/Commands.php(65): CodeIgniter\Commands\Database\Migrate->run(Array)
#9 /Users/mac/Documents/Fathur/KERJA/MEB/Backend/rest-api/vendor/codeigniter4/framework/system/CLI/Console.php(46): CodeIgniter\CLI\Commands->run('migrate', Array)
#10 /Users/mac/Documents/Fathur/KERJA/MEB/Backend/rest-api/spark(102): CodeIgniter\CLI\Console->run()
#11 {main}

Next CodeIgniter\Database\Exceptions\DatabaseException: No such file or directory in /Users/mac/Documents/Fathur/KERJA/MEB/Backend/rest-api/vendor/codeigniter4/framework/system/Database/MySQLi/Connection.php:229
Stack trace:
#0 /Users/mac/Documents/Fathur/KERJA/MEB/Backend/rest-api/vendor/codeigniter4/framework/system/Database/BaseConnection.php(392): CodeIgniter\Database\MySQLi\Connection->connect(false)
#1 /Users/mac/Documents/Fathur/KERJA/MEB/Backend/rest-api/vendor/codeigniter4/framework/system/Database/BaseConnection.php(575): CodeIgniter\Database\BaseConnection->initialize()
#2 /Users/mac/Documents/Fathur/KERJA/MEB/Backend/rest-api/vendor/codeigniter4/framework/system/Database/BaseConnection.php(1410): CodeIgniter\Database\BaseConnection->query('SHOW TABLES FRO...')
#3 /Users/mac/Documents/Fathur/KERJA/MEB/Backend/rest-api/vendor/codeigniter4/framework/system/Database/BaseConnection.php(1429): CodeIgniter\Database\BaseConnection->listTables()
#4 /Users/mac/Documents/Fathur/KERJA/MEB/Backend/rest-api/vendor/codeigniter4/framework/system/Database/MigrationRunner.php(757): CodeIgniter\Database\BaseConnection->tableExists('migrations')
#5 /Users/mac/Documents/Fathur/KERJA/MEB/Backend/rest-api/vendor/codeigniter4/framework/system/Database/MigrationRunner.php(161): CodeIgniter\Database\MigrationRunner->ensureTable()
#6 /Users/mac/Documents/Fathur/KERJA/MEB/Backend/rest-api/vendor/codeigniter4/framework/system/Commands/Database/Migrate.php(84): CodeIgniter\Database\MigrationRunner->latest(NULL)
#7 /Users/mac/Documents/Fathur/KERJA/MEB/Backend/rest-api/vendor/codeigniter4/framework/system/CLI/Commands.php(65): CodeIgniter\Commands\Database\Migrate->run(Array)
#8 /Users/mac/Documents/Fathur/KERJA/MEB/Backend/rest-api/vendor/codeigniter4/framework/system/CLI/Console.php(46): CodeIgniter\CLI\Commands->run('migrate', Array)
#9 /Users/mac/Documents/Fathur/KERJA/MEB/Backend/rest-api/spark(102): CodeIgniter\CLI\Console->run()
#10 {main}
